Using pre-set license
Built from '2020.3/release' branch; Version is '2020.3.27f1 (e759542391ea) revision 15161684'; Using compiler version '192528614'; Build Type 'Release'
OS: 'Windows 10  (10.0.19043) 64bit CoreSingleLanguage' Language: 'pt' Physical Memory: 16252 MB
BatchMode: 1, IsHumanControllingUs: 0, StartBugReporterOnCrash: 0, Is64bit: 1, IsPro: 0

COMMAND LINE ARGUMENTS:
C:\Program Files\Unity\Hub\Editor\2020.3.27f1\Editor\Unity.exe
-adb2
-batchMode
-noUpm
-name
AssetImportWorker0
-projectPath
C:/Users/felps/Curriculo1
-logFile
Logs/AssetImportWorker0.log
-srvPort
54671
Successfully changed project path to: C:/Users/felps/Curriculo1
C:/Users/felps/Curriculo1
Using Asset Import Pipeline V2.
Refreshing native plugins compatible for Editor in 39.54 ms, found 2 plugins.
Preloading 0 native plugins for Editor in 0.00 ms.
Initialize engine version: 2020.3.27f1 (e759542391ea)
[Subsystems] Discovering subsystems at path C:/Program Files/Unity/Hub/Editor/2020.3.27f1/Editor/Data/Resources/UnitySubsystems
[Subsystems] Discovering subsystems at path C:/Users/felps/Curriculo1/Assets
GfxDevice: creating device client; threaded=0
Direct3D:
    Version:  Direct3D 11.0 [level 11.0]
    Renderer: NVIDIA GeForce 940MX (ID=0x179c)
    Vendor:   
    VRAM:     4055 MB
    Driver:   30.0.14.9676
Initialize mono
Mono path[0] = 'C:/Program Files/Unity/Hub/Editor/2020.3.27f1/Editor/Data/Managed'
Mono path[1] = 'C:/Program Files/Unity/Hub/Editor/2020.3.27f1/Editor/Data/MonoBleedingEdge/lib/mono/unityjit'
Mono config path = 'C:/Program Files/Unity/Hub/Editor/2020.3.27f1/Editor/Data/MonoBleedingEdge/etc'
Using monoOptions --debugger-agent=transport=dt_socket,embedding=1,server=y,suspend=n,address=127.0.0.1:56408
Begin MonoManager ReloadAssembly
Registering precompiled unity dll's ...
Register platform support module: C:/Program Files/Unity/Hub/Editor/2020.3.27f1/Editor/Data/PlaybackEngines/WindowsStandaloneSupport/UnityEditor.WindowsStandalone.Extensions.dll
Registered in 0.148336 seconds.
Native extension for WindowsStandalone target not found
Refreshing native plugins compatible for Editor in 35.67 ms, found 2 plugins.
Preloading 0 native plugins for Editor in 0.00 ms.
Mono: successfully reloaded assembly
- Completed reload, in  4.114 seconds
Domain Reload Profiling:
	ReloadAssembly (4114ms)
		BeginReloadAssembly (2758ms)
			ExecutionOrderSort (0ms)
			DisableScriptedObjects (0ms)
			BackupInstance (0ms)
			ReleaseScriptingObjects (0ms)
			CreateAndSetChildDomain (1ms)
		EndReloadAssembly (963ms)
			LoadAssemblies (2755ms)
			RebuildTransferFunctionScriptingTraits (0ms)
			SetupTypeCache (586ms)
			ReleaseScriptCaches (0ms)
			RebuildScriptCaches (41ms)
			SetupLoadedEditorAssemblies (209ms)
				LogAssemblyErrors (0ms)
				InitializePlatformSupportModulesInManaged (5ms)
				SetLoadedEditorAssemblies (0ms)
				RefreshPlugins (36ms)
				BeforeProcessingInitializeOnLoad (11ms)
				ProcessInitializeOnLoadAttributes (106ms)
				ProcessInitializeOnLoadMethodAttributes (51ms)
				AfterProcessingInitializeOnLoad (0ms)
				EditorAssembliesLoaded (0ms)
			ExecutionOrderSort2 (0ms)
			AwakeInstancesAfterBackupRestoration (0ms)
Platform modules already initialized, skipping
Registering precompiled user dll's ...
Registered in 0.723776 seconds.
Begin MonoManager ReloadAssembly
Native extension for WindowsStandalone target not found
Refreshing native plugins compatible for Editor in 0.96 ms, found 2 plugins.
Preloading 0 native plugins for Editor in 0.00 ms.
Mono: successfully reloaded assembly
- Completed reload, in  5.396 seconds
Domain Reload Profiling:
	ReloadAssembly (5400ms)
		BeginReloadAssembly (217ms)
			ExecutionOrderSort (0ms)
			DisableScriptedObjects (8ms)
			BackupInstance (0ms)
			ReleaseScriptingObjects (0ms)
			CreateAndSetChildDomain (25ms)
		EndReloadAssembly (5093ms)
			LoadAssemblies (1513ms)
			RebuildTransferFunctionScriptingTraits (0ms)
			SetupTypeCache (1745ms)
			ReleaseScriptCaches (1ms)
			RebuildScriptCaches (87ms)
			SetupLoadedEditorAssemblies (1554ms)
				LogAssemblyErrors (0ms)
				InitializePlatformSupportModulesInManaged (9ms)
				SetLoadedEditorAssemblies (1ms)
				RefreshPlugins (1ms)
				BeforeProcessingInitializeOnLoad (128ms)
				ProcessInitializeOnLoadAttributes (446ms)
				ProcessInitializeOnLoadMethodAttributes (961ms)
				AfterProcessingInitializeOnLoad (8ms)
				EditorAssembliesLoaded (0ms)
			ExecutionOrderSort2 (0ms)
			AwakeInstancesAfterBackupRestoration (7ms)
Platform modules already initialized, skipping
========================================================================
Worker process is ready to serve import requests
Launched and connected shader compiler UnityShaderCompiler.exe after 0.25 seconds
Refreshing native plugins compatible for Editor in 0.50 ms, found 2 plugins.
Preloading 0 native plugins for Editor in 0.00 ms.
Unloading 1505 Unused Serialized files (Serialized files now loaded: 0)
System memory in use before: 68.7 MB.
System memory in use after: 68.8 MB.

Unloading 19 unused Assets to reduce memory usage. Loaded Objects now: 1937.
Total: 3.206200 ms (FindLiveObjects: 0.219400 ms CreateObjectMapping: 0.094300 ms MarkObjects: 2.826600 ms  DeleteObjects: 0.064800 ms)

AssetImportParameters requested are different than current active one (requested -> active):
  custom:framework-win-MediaFoundation: 216162199b28c13a410421893ffa2e32 -> 
  custom:video-decoder-ogg-theora: a1e56fd34408186e4bbccfd4996cb3dc -> 
  custom:container-muxer-webm: aa71ff27fc2769a1b78a27578f13a17b -> 
  custom:container-demuxer-webm: 4f35f7cbe854078d1ac9338744f61a02 -> 
  custom:container-demuxer-ogg: 62fdf1f143b41e24485cea50d1cbac27 -> 
  custom:video-encoder-webm-vp8: eb34c28f22e8b96e1ab97ce403110664 -> 
  custom:video-decoder-webm-vp8: 9c59270c3fd7afecdb556c50c9e8de78 -> 
  custom:audio-decoder-ogg-vorbis: bf7c407c2cedff20999df2af8eb42d56 -> 
  custom:audio-encoder-webm-vorbis: bf7c407c2cedff20999df2af8eb42d56 -> 
========================================================================
Received Import Request.
  path: Assets/Bonecos/nerd esquisito
  artifactKey: Guid(9f699e053617d8942a0d09f0c6545a8a) Importer(815301076,1909f56bfc062723c751e8b465ee728b)
Start importing Assets/Bonecos/nerd esquisito using Guid(9f699e053617d8942a0d09f0c6545a8a) Importer(815301076,1909f56bfc062723c751e8b465ee728b)  -> (artifact id: '3e8085da79cfd942c68b8712d5bddb22') in 0.011464 seconds 
  Import took 0.027586 seconds .

========================================================================
Received Import Request.
  Time since last request: 0.000275 seconds.
  path: Assets/Bonecos/nerd esquisito/ty@Start Walking.fbx
  artifactKey: Guid(c5073ccb2ccc596498bef18c0136237d) Importer(815301076,1909f56bfc062723c751e8b465ee728b)
Start importing Assets/Bonecos/nerd esquisito/ty@Start Walking.fbx using Guid(c5073ccb2ccc596498bef18c0136237d) Importer(815301076,1909f56bfc062723c751e8b465ee728b)  -> (artifact id: '68fa7a9d967817c243bd22ae06c6d4ce') in 0.338383 seconds 
  Import took 0.342050 seconds .

========================================================================
Received Import Request.
  Time since last request: 0.000241 seconds.
  path: Assets/Bonecos/nerd esquisito/ty@Idle.fbx
  artifactKey: Guid(e0ba5cd9893b34a4b99e644a25bd06e6) Importer(815301076,1909f56bfc062723c751e8b465ee728b)
Start importing Assets/Bonecos/nerd esquisito/ty@Idle.fbx using Guid(e0ba5cd9893b34a4b99e644a25bd06e6) Importer(815301076,1909f56bfc062723c751e8b465ee728b)  -> (artifact id: 'cc3b2589a5c1acf40418991829eef484') in 0.127221 seconds 
  Import took 0.142620 seconds .

========================================================================
Received Import Request.
  Time since last request: 0.000245 seconds.
  path: Assets/Bonecos/nerd esquisito/ty@Stop Walking.fbx
  artifactKey: Guid(92a34966dc7319242bbbe4f398757cd9) Importer(815301076,1909f56bfc062723c751e8b465ee728b)
Start importing Assets/Bonecos/nerd esquisito/ty@Stop Walking.fbx using Guid(92a34966dc7319242bbbe4f398757cd9) Importer(815301076,1909f56bfc062723c751e8b465ee728b)  -> (artifact id: 'c37035f4dccfa83c1b7c0c2c0a0090e0') in 0.130619 seconds 
  Import took 0.133771 seconds .

========================================================================
Received Import Request.
  Time since last request: 0.000193 seconds.
  path: Assets/Bonecos/nerd esquisito/ty@Walking.fbx
  artifactKey: Guid(590eafed45ab55b42975b44d5649cd03) Importer(815301076,1909f56bfc062723c751e8b465ee728b)
Start importing Assets/Bonecos/nerd esquisito/ty@Walking.fbx using Guid(590eafed45ab55b42975b44d5649cd03) Importer(815301076,1909f56bfc062723c751e8b465ee728b)  -> (artifact id: 'bad3b7e3ab1fb26cfb2a6784874d19c2') in 0.119321 seconds 
  Import took 0.122304 seconds .

========================================================================
Received Import Request.
  Time since last request: 43.171588 seconds.
  path: Assets/_Barking_Dog/3D Free Modular Kit/_Prefabs/Column_01_Top.prefab
  artifactKey: Guid(3cd8d44393ff84c5b81c559e5a60c35c) Importer(815301076,1909f56bfc062723c751e8b465ee728b)
Start importing Assets/_Barking_Dog/3D Free Modular Kit/_Prefabs/Column_01_Top.prefab using Guid(3cd8d44393ff84c5b81c559e5a60c35c) Importer(815301076,1909f56bfc062723c751e8b465ee728b)  -> (artifact id: '0c3623ead45fd17eae74701745b50502') in 0.464727 seconds 
  Import took 0.499571 seconds .

========================================================================
Received Import Request.
  Time since last request: 0.000259 seconds.
  path: Assets/_Barking_Dog/3D Free Modular Kit/_Prefabs/Roof_01.prefab
  artifactKey: Guid(1a5e2f40365fe44ada271dd97ea7506f) Importer(815301076,1909f56bfc062723c751e8b465ee728b)
Start importing Assets/_Barking_Dog/3D Free Modular Kit/_Prefabs/Roof_01.prefab using Guid(1a5e2f40365fe44ada271dd97ea7506f) Importer(815301076,1909f56bfc062723c751e8b465ee728b)  -> (artifact id: '38adcd33ae984727b3870635bdd26131') in 0.066438 seconds 
  Import took 0.089658 seconds .

========================================================================
Received Import Request.
  Time since last request: 0.000247 seconds.
  path: Assets/_Barking_Dog/3D Free Modular Kit/_Prefabs/Light_01.prefab
  artifactKey: Guid(530f5ce44fdac4197a29f5bec8818d85) Importer(815301076,1909f56bfc062723c751e8b465ee728b)
Start importing Assets/_Barking_Dog/3D Free Modular Kit/_Prefabs/Light_01.prefab using Guid(530f5ce44fdac4197a29f5bec8818d85) Importer(815301076,1909f56bfc062723c751e8b465ee728b)  -> (artifact id: 'cc70f1a4878fac0684c0b4dde60d69e0') in 0.038938 seconds 
  Import took 0.061373 seconds .

========================================================================
Received Import Request.
  Time since last request: 0.000275 seconds.
  path: Assets/_Barking_Dog/3D Free Modular Kit/_Prefabs/Floor_01.prefab
  artifactKey: Guid(c76d2d3504ddb4847940a815cad04644) Importer(815301076,1909f56bfc062723c751e8b465ee728b)
Start importing Assets/_Barking_Dog/3D Free Modular Kit/_Prefabs/Floor_01.prefab using Guid(c76d2d3504ddb4847940a815cad04644) Importer(815301076,1909f56bfc062723c751e8b465ee728b)  -> (artifact id: 'd4a9c73c3ed901a86bc14adec12cb15d') in 0.053394 seconds 
  Import took 0.056563 seconds .

========================================================================
Received Import Request.
  Time since last request: 0.000314 seconds.
  path: Assets/_Barking_Dog/3D Free Modular Kit/_Prefabs/Roof_Angle_Smal_01.prefab
  artifactKey: Guid(d3cf9ea092c094147a2a98c2a7973a3e) Importer(815301076,1909f56bfc062723c751e8b465ee728b)
Start importing Assets/_Barking_Dog/3D Free Modular Kit/_Prefabs/Roof_Angle_Smal_01.prefab using Guid(d3cf9ea092c094147a2a98c2a7973a3e) Importer(815301076,1909f56bfc062723c751e8b465ee728b)  -> (artifact id: '0ba1972865087a14d695d754125de323') in 0.059804 seconds 
  Import took 0.064164 seconds .

========================================================================
Received Import Request.
  Time since last request: 0.000397 seconds.
  path: Assets/_Barking_Dog/3D Free Modular Kit/_Prefabs/Roof_02.prefab
  artifactKey: Guid(b9038ed84a1fe4aecb34086f7f42d1bf) Importer(815301076,1909f56bfc062723c751e8b465ee728b)
Start importing Assets/_Barking_Dog/3D Free Modular Kit/_Prefabs/Roof_02.prefab using Guid(b9038ed84a1fe4aecb34086f7f42d1bf) Importer(815301076,1909f56bfc062723c751e8b465ee728b)  -> (artifact id: '54d44a98098b50f62fa765d8a39cce5c') in 0.053234 seconds 
  Import took 0.058418 seconds .

========================================================================
Received Import Request.
  Time since last request: 0.000313 seconds.
  path: Assets/_Barking_Dog/3D Free Modular Kit/_Prefabs/Wall_HalfArc_90_03.prefab
  artifactKey: Guid(ff42754d1c37f4da7b050c07fe83d3af) Importer(815301076,1909f56bfc062723c751e8b465ee728b)
Start importing Assets/_Barking_Dog/3D Free Modular Kit/_Prefabs/Wall_HalfArc_90_03.prefab using Guid(ff42754d1c37f4da7b050c07fe83d3af) Importer(815301076,1909f56bfc062723c751e8b465ee728b)  -> (artifact id: '1a5a5206517881d679c2161c502f4de8') in 0.046358 seconds 
  Import took 0.059302 seconds .

========================================================================
Received Import Request.
  Time since last request: 0.000247 seconds.
  path: Assets/_Barking_Dog/3D Free Modular Kit/_Prefabs/Floor_Small_01.prefab
  artifactKey: Guid(1acd03bc537c24f3484ab4d6f07b9e02) Importer(815301076,1909f56bfc062723c751e8b465ee728b)
Start importing Assets/_Barking_Dog/3D Free Modular Kit/_Prefabs/Floor_Small_01.prefab using Guid(1acd03bc537c24f3484ab4d6f07b9e02) Importer(815301076,1909f56bfc062723c751e8b465ee728b)  -> (artifact id: '5ba6cab920aa3d5f76baedaa56facd52') in 0.062646 seconds 
  Import took 0.066298 seconds .

========================================================================
Received Import Request.
  Time since last request: 0.000208 seconds.
  path: Assets/_Barking_Dog/3D Free Modular Kit/_Prefabs/Room_Big_Part_02.prefab
  artifactKey: Guid(56f887c8f9289447895ae8a07be226ec) Importer(815301076,1909f56bfc062723c751e8b465ee728b)
Start importing Assets/_Barking_Dog/3D Free Modular Kit/_Prefabs/Room_Big_Part_02.prefab using Guid(56f887c8f9289447895ae8a07be226ec) Importer(815301076,1909f56bfc062723c751e8b465ee728b)  -> (artifact id: 'fcc10786674e71d9a73411620855beed') in 0.042855 seconds 
  Import took 0.046853 seconds .

========================================================================
Received Import Request.
  Time since last request: 0.000210 seconds.
  path: Assets/_Barking_Dog/3D Free Modular Kit/_Prefabs/Wall_Simple_01.prefab
  artifactKey: Guid(a4c18952442944083b1fddc06ba477c2) Importer(815301076,1909f56bfc062723c751e8b465ee728b)
Start importing Assets/_Barking_Dog/3D Free Modular Kit/_Prefabs/Wall_Simple_01.prefab using Guid(a4c18952442944083b1fddc06ba477c2) Importer(815301076,1909f56bfc062723c751e8b465ee728b)  -> (artifact id: '401b010c496e239dbc1f178be1a7bc5d') in 0.070266 seconds 
  Import took 0.073263 seconds .

========================================================================
Received Import Request.
  Time since last request: 0.000199 seconds.
  path: Assets/_Barking_Dog/3D Free Modular Kit/_Prefabs/Room_Big_Part_03.prefab
  artifactKey: Guid(39b43e271567b4134a12f482c52c8a0f) Importer(815301076,1909f56bfc062723c751e8b465ee728b)
Start importing Assets/_Barking_Dog/3D Free Modular Kit/_Prefabs/Room_Big_Part_03.prefab using Guid(39b43e271567b4134a12f482c52c8a0f) Importer(815301076,1909f56bfc062723c751e8b465ee728b)  -> (artifact id: '32be4b250620acbde8ddf0cb45951191') in 0.042671 seconds 
  Import took 0.046863 seconds .

========================================================================
Received Import Request.
  Time since last request: 0.000243 seconds.
  path: Assets/_Barking_Dog/3D Free Modular Kit/_Prefabs/Roof_Door_01.prefab
  artifactKey: Guid(1e6809cccc6f04f01b0819da314e428b) Importer(815301076,1909f56bfc062723c751e8b465ee728b)
Start importing Assets/_Barking_Dog/3D Free Modular Kit/_Prefabs/Roof_Door_01.prefab using Guid(1e6809cccc6f04f01b0819da314e428b) Importer(815301076,1909f56bfc062723c751e8b465ee728b)  -> (artifact id: 'f13938b26c384b0983d3cb4461b483db') in 0.110049 seconds 
  Import took 0.113802 seconds .

========================================================================
Received Import Request.
  Time since last request: 0.000318 seconds.
  path: Assets/_Barking_Dog/3D Free Modular Kit/_Prefabs/Door_Arch_01.prefab
  artifactKey: Guid(0f9396310131e47e3979f1a7cb96c071) Importer(815301076,1909f56bfc062723c751e8b465ee728b)
Start importing Assets/_Barking_Dog/3D Free Modular Kit/_Prefabs/Door_Arch_01.prefab using Guid(0f9396310131e47e3979f1a7cb96c071) Importer(815301076,1909f56bfc062723c751e8b465ee728b)  -> (artifact id: 'a90c2a518c7bcd0cf972f2df1b32ee18') in 0.040951 seconds 
  Import took 0.044873 seconds .

========================================================================
Received Import Request.
  Time since last request: 0.000261 seconds.
  path: Assets/_Barking_Dog/3D Free Modular Kit/_Prefabs/Wall_Arc_90_01.prefab
  artifactKey: Guid(e4f34474191354a5688752acf8cf95fe) Importer(815301076,1909f56bfc062723c751e8b465ee728b)
Start importing Assets/_Barking_Dog/3D Free Modular Kit/_Prefabs/Wall_Arc_90_01.prefab using Guid(e4f34474191354a5688752acf8cf95fe) Importer(815301076,1909f56bfc062723c751e8b465ee728b)  -> (artifact id: '8966b6bd8c5d649f26e7e0f5ce4186c7') in 0.049018 seconds 
  Import took 0.052957 seconds .

========================================================================
Received Import Request.
  Time since last request: 0.000238 seconds.
  path: Assets/_Barking_Dog/3D Free Modular Kit/_Prefabs/Wall_Arc_90_02.prefab
  artifactKey: Guid(13990f94448cc49c08e917134d8b0479) Importer(815301076,1909f56bfc062723c751e8b465ee728b)
Start importing Assets/_Barking_Dog/3D Free Modular Kit/_Prefabs/Wall_Arc_90_02.prefab using Guid(13990f94448cc49c08e917134d8b0479) Importer(815301076,1909f56bfc062723c751e8b465ee728b)  -> (artifact id: '7bf675fa794b3ce210f040406e053fcf') in 0.043645 seconds 
  Import took 0.069243 seconds .

========================================================================
Received Import Request.
  Time since last request: 0.000208 seconds.
  path: Assets/_Barking_Dog/3D Free Modular Kit/_Prefabs/Roof_Angle_01.prefab
  artifactKey: Guid(c27c7521daec24863af069554ea1fb47) Importer(815301076,1909f56bfc062723c751e8b465ee728b)
Start importing Assets/_Barking_Dog/3D Free Modular Kit/_Prefabs/Roof_Angle_01.prefab using Guid(c27c7521daec24863af069554ea1fb47) Importer(815301076,1909f56bfc062723c751e8b465ee728b)  -> (artifact id: 'd4262d9e0ea49508b2a6589e4d4275e8') in 0.062857 seconds 
  Import took 0.066491 seconds .

========================================================================
Received Import Request.
  Time since last request: 0.000194 seconds.
  path: Assets/_Barking_Dog/3D Free Modular Kit/_Prefabs/Wall_HalfArc_90_02.prefab
  artifactKey: Guid(618681761d79b4f72b0746a3dcd4bff1) Importer(815301076,1909f56bfc062723c751e8b465ee728b)
Start importing Assets/_Barking_Dog/3D Free Modular Kit/_Prefabs/Wall_HalfArc_90_02.prefab using Guid(618681761d79b4f72b0746a3dcd4bff1) Importer(815301076,1909f56bfc062723c751e8b465ee728b)  -> (artifact id: '06f0e84bca8117a1339782f7d02838aa') in 0.040509 seconds 
  Import took 0.080796 seconds .

========================================================================
Received Import Request.
  Time since last request: 0.000215 seconds.
  path: Assets/_Barking_Dog/3D Free Modular Kit/_Prefabs/Roof_Angle_Large_01.prefab
  artifactKey: Guid(4d57a31eab232457da9acbcc32af22cf) Importer(815301076,1909f56bfc062723c751e8b465ee728b)
Start importing Assets/_Barking_Dog/3D Free Modular Kit/_Prefabs/Roof_Angle_Large_01.prefab using Guid(4d57a31eab232457da9acbcc32af22cf) Importer(815301076,1909f56bfc062723c751e8b465ee728b)  -> (artifact id: '2e0718859af6c5a4138ffb3e9b9cb42c') in 0.063951 seconds 
  Import took 0.067059 seconds .

========================================================================
Received Import Request.
  Time since last request: 0.000260 seconds.
  path: Assets/_Barking_Dog/3D Free Modular Kit/_Prefabs/Room_Big_Part_01.prefab
  artifactKey: Guid(8db5b99e1590340a4a7166fa4c9f9cf2) Importer(815301076,1909f56bfc062723c751e8b465ee728b)
Start importing Assets/_Barking_Dog/3D Free Modular Kit/_Prefabs/Room_Big_Part_01.prefab using Guid(8db5b99e1590340a4a7166fa4c9f9cf2) Importer(815301076,1909f56bfc062723c751e8b465ee728b)  -> (artifact id: 'bc3141ba5cad22d4d743ea482384d62f') in 0.047784 seconds 
  Import took 0.052278 seconds .

========================================================================
Received Import Request.
  Time since last request: 0.000273 seconds.
  path: Assets/_Barking_Dog/3D Free Modular Kit/_Prefabs/Door_Left_01.prefab
  artifactKey: Guid(088b5f04d52a542ec975e88d7d9934f5) Importer(815301076,1909f56bfc062723c751e8b465ee728b)
Start importing Assets/_Barking_Dog/3D Free Modular Kit/_Prefabs/Door_Left_01.prefab using Guid(088b5f04d52a542ec975e88d7d9934f5) Importer(815301076,1909f56bfc062723c751e8b465ee728b)  -> (artifact id: '954e3e38aa01ff35e5d762a413cc5f14') in 0.370420 seconds 
  Import took 0.374835 seconds .

========================================================================
Received Import Request.
  Time since last request: 0.000249 seconds.
  path: Assets/_Barking_Dog/3D Free Modular Kit/_Prefabs/Room_Big_Part_04.prefab
  artifactKey: Guid(338a3a19b542e4a5bae99feecf242132) Importer(815301076,1909f56bfc062723c751e8b465ee728b)
Start importing Assets/_Barking_Dog/3D Free Modular Kit/_Prefabs/Room_Big_Part_04.prefab using Guid(338a3a19b542e4a5bae99feecf242132) Importer(815301076,1909f56bfc062723c751e8b465ee728b)  -> (artifact id: '0e9a9cc3e2ee1d7c3dc0f5fd2973d903') in 0.061365 seconds 
  Import took 0.066107 seconds .

========================================================================
Received Import Request.
  Time since last request: 0.000269 seconds.
  path: Assets/_Barking_Dog/3D Free Modular Kit/_Prefabs/Fan_01.prefab
  artifactKey: Guid(45b9a5b6a96ed4d0699b4faff594d8c4) Importer(815301076,1909f56bfc062723c751e8b465ee728b)
Start importing Assets/_Barking_Dog/3D Free Modular Kit/_Prefabs/Fan_01.prefab using Guid(45b9a5b6a96ed4d0699b4faff594d8c4) Importer(815301076,1909f56bfc062723c751e8b465ee728b)  -> (artifact id: 'ee0ca2ee23cc605af1e45914eac17692') in 0.048315 seconds 
  Import took 0.120807 seconds .

========================================================================
Received Import Request.
  Time since last request: 271.764959 seconds.
  path: Assets/Bonecos/nerd esquisito/ty@Idle.fbx
  artifactKey: Guid(e0ba5cd9893b34a4b99e644a25bd06e6) Importer(815301076,1909f56bfc062723c751e8b465ee728b)
Start importing Assets/Bonecos/nerd esquisito/ty@Idle.fbx using Guid(e0ba5cd9893b34a4b99e644a25bd06e6) Importer(815301076,1909f56bfc062723c751e8b465ee728b)  -> (artifact id: '3e0c53d3bf3aed686d5c476ed4514b8b') in 0.144518 seconds 
  Import took 0.149020 seconds .

========================================================================
Received Import Request.
  Time since last request: 0.000249 seconds.
  path: Assets/Bonecos/nerd esquisito/ty@Start Walking.fbx
  artifactKey: Guid(c5073ccb2ccc596498bef18c0136237d) Importer(815301076,1909f56bfc062723c751e8b465ee728b)
Start importing Assets/Bonecos/nerd esquisito/ty@Start Walking.fbx using Guid(c5073ccb2ccc596498bef18c0136237d) Importer(815301076,1909f56bfc062723c751e8b465ee728b)  -> (artifact id: '2bd789e069f624f15d9a1add82e70d09') in 0.127184 seconds 
  Import took 1.506980 seconds .

========================================================================
Received Import Request.
  Time since last request: 0.000895 seconds.
  path: Assets/Bonecos/nerd esquisito/Boy_Shoes_diffuse.png
  artifactKey: Guid(cdd1aa1d2b294d64ea2e7e095951ab64) Importer(815301076,1909f56bfc062723c751e8b465ee728b)
Start importing Assets/Bonecos/nerd esquisito/Boy_Shoes_diffuse.png using Guid(cdd1aa1d2b294d64ea2e7e095951ab64) Importer(815301076,1909f56bfc062723c751e8b465ee728b)  -> (artifact id: '15e46fed3d9327d3d64f6f7a93f76561') in 0.077253 seconds 
  Import took 0.179083 seconds .

========================================================================
Received Import Request.
  Time since last request: 0.000776 seconds.
  path: Assets/Bonecos/nerd esquisito/Boy_Scarf_diffuse.png
  artifactKey: Guid(2314bf97c52076047b680f2364cff7b3) Importer(815301076,1909f56bfc062723c751e8b465ee728b)
Start importing Assets/Bonecos/nerd esquisito/Boy_Scarf_diffuse.png using Guid(2314bf97c52076047b680f2364cff7b3) Importer(815301076,1909f56bfc062723c751e8b465ee728b)  -> (artifact id: 'd4e0eb245a73ea6a1790b9b0bf3bd3c7') in 0.047412 seconds 
  Import took 0.058472 seconds .

========================================================================
Received Import Request.
  Time since last request: 0.001357 seconds.
  path: Assets/Bonecos/nerd esquisito/Boy_Hair_diffuse.png
  artifactKey: Guid(12cc93dc7d3d1d446aad8e8d0c0f7f12) Importer(815301076,1909f56bfc062723c751e8b465ee728b)
Start importing Assets/Bonecos/nerd esquisito/Boy_Hair_diffuse.png using Guid(12cc93dc7d3d1d446aad8e8d0c0f7f12) Importer(815301076,1909f56bfc062723c751e8b465ee728b)  -> (artifact id: '6aa3bde387e949d32d87b53613aabcad') in 0.022885 seconds 
  Import took 0.055028 seconds .

========================================================================
Received Import Request.
  Time since last request: 0.000237 seconds.
  path: Assets/Bonecos/nerd esquisito/Boy_LowerBody_diffuse.png
  artifactKey: Guid(a093677309b0f3c41b1de7731eb7e771) Importer(815301076,1909f56bfc062723c751e8b465ee728b)
Start importing Assets/Bonecos/nerd esquisito/Boy_LowerBody_diffuse.png using Guid(a093677309b0f3c41b1de7731eb7e771) Importer(815301076,1909f56bfc062723c751e8b465ee728b)  -> (artifact id: '4cbd7e5fe3e2fa45cf555b3c96c99da3') in 0.055051 seconds 
  Import took 0.069486 seconds .

========================================================================
Received Import Request.
  Time since last request: 0.000230 seconds.
  path: Assets/Bonecos/nerd esquisito/Boy_UpperBody_diffuse.png
  artifactKey: Guid(c6d4453cb4fe0b341b30636805ccf10e) Importer(815301076,1909f56bfc062723c751e8b465ee728b)
Start importing Assets/Bonecos/nerd esquisito/Boy_UpperBody_diffuse.png using Guid(c6d4453cb4fe0b341b30636805ccf10e) Importer(815301076,1909f56bfc062723c751e8b465ee728b)  -> (artifact id: 'b1e7d92e18bd48f7549732c7e797e535') in 0.023489 seconds 
  Import took 0.054734 seconds .

========================================================================
Received Import Request.
  Time since last request: 0.000253 seconds.
  path: Assets/Bonecos/nerd esquisito/Boy_Head_diffuse.png
  artifactKey: Guid(2358317853a4ced43a40340f83d62e03) Importer(815301076,1909f56bfc062723c751e8b465ee728b)
Start importing Assets/Bonecos/nerd esquisito/Boy_Head_diffuse.png using Guid(2358317853a4ced43a40340f83d62e03) Importer(815301076,1909f56bfc062723c751e8b465ee728b)  -> (artifact id: 'b9e01750b0bf10a3fcf9d90193bbc509') in 0.024841 seconds 
  Import took 0.030706 seconds .

========================================================================
Received Import Request.
  Time since last request: 0.000240 seconds.
  path: Assets/Bonecos/nerd esquisito/ty@Stop Walking.fbx
  artifactKey: Guid(92a34966dc7319242bbbe4f398757cd9) Importer(815301076,1909f56bfc062723c751e8b465ee728b)
Start importing Assets/Bonecos/nerd esquisito/ty@Stop Walking.fbx using Guid(92a34966dc7319242bbbe4f398757cd9) Importer(815301076,1909f56bfc062723c751e8b465ee728b)  -> (artifact id: '7052e2d98186e4da0949f7866a35e359') in 0.138100 seconds 
  Import took 0.143131 seconds .

========================================================================
Received Import Request.
  Time since last request: 0.000311 seconds.
  path: Assets/Bonecos/nerd esquisito/Boy_Hands_diffuse.png
  artifactKey: Guid(89161d82dd8be984c8133d2c1b54fd8f) Importer(815301076,1909f56bfc062723c751e8b465ee728b)
Start importing Assets/Bonecos/nerd esquisito/Boy_Hands_diffuse.png using Guid(89161d82dd8be984c8133d2c1b54fd8f) Importer(815301076,1909f56bfc062723c751e8b465ee728b)  -> (artifact id: 'eb1f6494a61505bfbbce96c7c92cbd46') in 0.025302 seconds 
  Import took 0.030802 seconds .

========================================================================
Received Import Request.
  Time since last request: 0.000312 seconds.
  path: Assets/Bonecos/nerd esquisito/ty@Walking.fbx
  artifactKey: Guid(590eafed45ab55b42975b44d5649cd03) Importer(815301076,1909f56bfc062723c751e8b465ee728b)
Start importing Assets/Bonecos/nerd esquisito/ty@Walking.fbx using Guid(590eafed45ab55b42975b44d5649cd03) Importer(815301076,1909f56bfc062723c751e8b465ee728b)  -> (artifact id: 'a5b111729f48ee2b5ec3ee2d2284526d') in 0.121322 seconds 
  Import took 0.126843 seconds .

========================================================================
Received Import Request.
  Time since last request: 49.149516 seconds.
  path: Assets/_Barking_Dog/3D Free Modular Kit/_Textures/Ambient_01.png
  artifactKey: Guid(0155e7c553ce645b9a03c0441f234ed4) Importer(815301076,1909f56bfc062723c751e8b465ee728b)
Start importing Assets/_Barking_Dog/3D Free Modular Kit/_Textures/Ambient_01.png using Guid(0155e7c553ce645b9a03c0441f234ed4) Importer(815301076,1909f56bfc062723c751e8b465ee728b)  -> (artifact id: '1f5c366f22181cef17f90a13cfd3478d') in 0.150730 seconds 
  Import took 0.158721 seconds .

========================================================================
Received Import Request.
  Time since last request: 0.000773 seconds.
  path: Assets/_Barking_Dog/3D Free Modular Kit/_Textures/Normal_01.png
  artifactKey: Guid(5e704b54cc0cc4015add600ce739fb2f) Importer(815301076,1909f56bfc062723c751e8b465ee728b)
Start importing Assets/_Barking_Dog/3D Free Modular Kit/_Textures/Normal_01.png using Guid(5e704b54cc0cc4015add600ce739fb2f) Importer(815301076,1909f56bfc062723c751e8b465ee728b)  -> (artifact id: '9bdbba98d6707ad0ec6aa1090eb0085d') in 0.039758 seconds 
  Import took 0.047623 seconds .

========================================================================
Received Import Request.
  Time since last request: 0.000292 seconds.
  path: Assets/_Barking_Dog/3D Free Modular Kit/_Textures/Metal_01.tif
  artifactKey: Guid(1d3de45b986d240139bd085299915265) Importer(815301076,1909f56bfc062723c751e8b465ee728b)
Start importing Assets/_Barking_Dog/3D Free Modular Kit/_Textures/Metal_01.tif using Guid(1d3de45b986d240139bd085299915265) Importer(815301076,1909f56bfc062723c751e8b465ee728b)  -> (artifact id: '872d3d584170c87c6b4b0a7221cfc057') in 0.056936 seconds 
  Import took 0.059897 seconds .

========================================================================
Received Import Request.
  Time since last request: 0.000286 seconds.
  path: Assets/_Barking_Dog/3D Free Modular Kit/_Textures/Neon.png
  artifactKey: Guid(b5c9448ddba954bc0afcc5c19cf42525) Importer(815301076,1909f56bfc062723c751e8b465ee728b)
Start importing Assets/_Barking_Dog/3D Free Modular Kit/_Textures/Neon.png using Guid(b5c9448ddba954bc0afcc5c19cf42525) Importer(815301076,1909f56bfc062723c751e8b465ee728b)  -> (artifact id: '06832320425218c69b2da0b3745a86ca') in 0.033287 seconds 
  Import took 0.036163 seconds .

========================================================================
Received Import Request.
  Time since last request: 0.000244 seconds.
  path: Assets/_Barking_Dog/3D Free Modular Kit/_Textures/Diffuse_01.png
  artifactKey: Guid(b2c54144d5fbb4a14b95d5e2ec07dbf7) Importer(815301076,1909f56bfc062723c751e8b465ee728b)
Start importing Assets/_Barking_Dog/3D Free Modular Kit/_Textures/Diffuse_01.png using Guid(b2c54144d5fbb4a14b95d5e2ec07dbf7) Importer(815301076,1909f56bfc062723c751e8b465ee728b)  -> (artifact id: '17c2faa9a2009cf9b14e4dec36d46edb') in 0.020984 seconds 
  Import took 0.036412 seconds .

========================================================================
Received Import Request.
  Time since last request: 18.688581 seconds.
  path: Assets/_Barking_Dog/3D Free Modular Kit/_Textures/Materials
  artifactKey: Guid(eba1685127d6f0d46a7c7c31b5be13ba) Importer(815301076,1909f56bfc062723c751e8b465ee728b)
Start importing Assets/_Barking_Dog/3D Free Modular Kit/_Textures/Materials using Guid(eba1685127d6f0d46a7c7c31b5be13ba) Importer(815301076,1909f56bfc062723c751e8b465ee728b)  -> (artifact id: 'be599dc6cd364334a4aff4841cbafa7f') in 0.011492 seconds 
  Import took 0.016055 seconds .

========================================================================
Received Import Request.
  Time since last request: 0.052894 seconds.
  path: Assets/_Barking_Dog/3D Free Modular Kit/_Textures/Materials/Ambient_01.mat
  artifactKey: Guid(d41acbff633612544880d15989c99e71) Importer(815301076,1909f56bfc062723c751e8b465ee728b)
Start importing Assets/_Barking_Dog/3D Free Modular Kit/_Textures/Materials/Ambient_01.mat using Guid(d41acbff633612544880d15989c99e71) Importer(815301076,1909f56bfc062723c751e8b465ee728b)  -> (artifact id: '1bb3d3a46f96a63741f29578e7e9bcf6') in 0.205520 seconds 
  Import took 0.211211 seconds .

========================================================================
Received Import Request.
  Time since last request: 0.000515 seconds.
  path: Assets/_Barking_Dog/3D Free Modular Kit/_Textures/Materials/Diffuse_01.mat
  artifactKey: Guid(ced9aa718adacd94cb2a809dcfcceb04) Importer(815301076,1909f56bfc062723c751e8b465ee728b)
Start importing Assets/_Barking_Dog/3D Free Modular Kit/_Textures/Materials/Diffuse_01.mat using Guid(ced9aa718adacd94cb2a809dcfcceb04) Importer(815301076,1909f56bfc062723c751e8b465ee728b)  -> (artifact id: 'fb7958f1e8124f260e434874d0c87fc8') in 0.032295 seconds 
  Import took 0.038952 seconds .

========================================================================
Received Import Request.
  Time since last request: 0.000417 seconds.
  path: Assets/_Barking_Dog/3D Free Modular Kit/_Textures/Materials/Normal_01.mat
  artifactKey: Guid(73bc13239501aa949801d46db81130ef) Importer(815301076,1909f56bfc062723c751e8b465ee728b)
Start importing Assets/_Barking_Dog/3D Free Modular Kit/_Textures/Materials/Normal_01.mat using Guid(73bc13239501aa949801d46db81130ef) Importer(815301076,1909f56bfc062723c751e8b465ee728b)  -> (artifact id: 'c60ef4107730d00f3c21f2ab16c5d9a1') in 0.030328 seconds 
  Import took 0.034627 seconds .

========================================================================
Received Import Request.
  Time since last request: 0.000293 seconds.
  path: Assets/_Barking_Dog/3D Free Modular Kit/_Textures/Materials/Metal_01.mat
  artifactKey: Guid(b5cd457945bc751448011a6a243a7d3b) Importer(815301076,1909f56bfc062723c751e8b465ee728b)
Start importing Assets/_Barking_Dog/3D Free Modular Kit/_Textures/Materials/Metal_01.mat using Guid(b5cd457945bc751448011a6a243a7d3b) Importer(815301076,1909f56bfc062723c751e8b465ee728b)  -> (artifact id: 'dbb97a7a71ca0062f52910a6c94dbe86') in 0.030197 seconds 
  Import took 0.034286 seconds .

========================================================================
Received Import Request.
  Time since last request: 0.000193 seconds.
  path: Assets/_Barking_Dog/3D Free Modular Kit/_Textures/Materials/Neon.mat
  artifactKey: Guid(8437a9f8b8ed7a3479c437544786daf7) Importer(815301076,1909f56bfc062723c751e8b465ee728b)
Start importing Assets/_Barking_Dog/3D Free Modular Kit/_Textures/Materials/Neon.mat using Guid(8437a9f8b8ed7a3479c437544786daf7) Importer(815301076,1909f56bfc062723c751e8b465ee728b)  -> (artifact id: '9dd646a9fe4e97a2e40286e2f63aa09d') in 0.021362 seconds 
  Import took 0.026515 seconds .

========================================================================
Received Import Request.
  Time since last request: 18.098955 seconds.
  path: Assets/_Barking_Dog/3D Free Modular Kit/Test_Map
  artifactKey: Guid(8cbdae5869318ab4ca4b26a1384441ee) Importer(815301076,1909f56bfc062723c751e8b465ee728b)
Start importing Assets/_Barking_Dog/3D Free Modular Kit/Test_Map using Guid(8cbdae5869318ab4ca4b26a1384441ee) Importer(815301076,1909f56bfc062723c751e8b465ee728b)  -> (artifact id: '7e3fa49f93a0fbad366bdd536aca2cec') in 0.010686 seconds 
  Import took 0.015182 seconds .

========================================================================
Received Import Request.
  Time since last request: 0.158314 seconds.
  path: Assets/_Barking_Dog/3D Free Modular Kit/Test_Map/LightingData.asset
  artifactKey: Guid(5ccf681a5a6a0d34ba50f7346e31858c) Importer(815301076,1909f56bfc062723c751e8b465ee728b)
Start importing Assets/_Barking_Dog/3D Free Modular Kit/Test_Map/LightingData.asset using Guid(5ccf681a5a6a0d34ba50f7346e31858c) Importer(815301076,1909f56bfc062723c751e8b465ee728b)  -> (artifact id: 'a78407d83ab68c918d5fdc3868df110b') in 0.077211 seconds 
  Import took 0.105480 seconds .

========================================================================
Received Import Request.
  Time since last request: 5.251752 seconds.
  path: Assets/_Barking_Dog/3D Free Modular Kit/_Meshes/Column_01_Top.FBX
  artifactKey: Guid(39b1bd6e779034598a04e38901990489) Importer(815301076,1909f56bfc062723c751e8b465ee728b)
Start importing Assets/_Barking_Dog/3D Free Modular Kit/_Meshes/Column_01_Top.FBX using Guid(39b1bd6e779034598a04e38901990489) Importer(815301076,1909f56bfc062723c751e8b465ee728b)  -> (artifact id: '119af155eb9279cb0bad8828b1cb225b') in 0.935563 seconds 
  Import took 0.946475 seconds .

========================================================================
Received Import Request.
  Time since last request: 0.001099 seconds.
  path: Assets/_Barking_Dog/3D Free Modular Kit/_Meshes/Floor_Small_01.FBX
  artifactKey: Guid(f6768e02308fe4b40ba12aece1070179) Importer(815301076,1909f56bfc062723c751e8b465ee728b)
Start importing Assets/_Barking_Dog/3D Free Modular Kit/_Meshes/Floor_Small_01.FBX using Guid(f6768e02308fe4b40ba12aece1070179) Importer(815301076,1909f56bfc062723c751e8b465ee728b)  -> (artifact id: '1d79cecf20e1aac7a917203cdd45fd1f') in 0.050811 seconds 
  Import took 0.112424 seconds .

========================================================================
Received Import Request.
  Time since last request: 0.000519 seconds.
  path: Assets/_Barking_Dog/3D Free Modular Kit/_Meshes/Roof_Door_01.FBX
  artifactKey: Guid(7387acdd6d3eb4b1d80e5da2645047c4) Importer(815301076,1909f56bfc062723c751e8b465ee728b)
Start importing Assets/_Barking_Dog/3D Free Modular Kit/_Meshes/Roof_Door_01.FBX using Guid(7387acdd6d3eb4b1d80e5da2645047c4) Importer(815301076,1909f56bfc062723c751e8b465ee728b)  -> (artifact id: 'c438aa16a75a5d072e98b5339c613533') in 0.069375 seconds 
  Import took 0.073647 seconds .

========================================================================
Received Import Request.
  Time since last request: 0.000320 seconds.
  path: Assets/_Barking_Dog/3D Free Modular Kit/_Meshes/Wall_Arc_90_02.FBX
  artifactKey: Guid(638f44b41e0a6471486ec2c4e9ca96fd) Importer(815301076,1909f56bfc062723c751e8b465ee728b)
Start importing Assets/_Barking_Dog/3D Free Modular Kit/_Meshes/Wall_Arc_90_02.FBX using Guid(638f44b41e0a6471486ec2c4e9ca96fd) Importer(815301076,1909f56bfc062723c751e8b465ee728b)  -> (artifact id: '3a0a4b31154bb496af97e350799785a0') in 0.036225 seconds 
  Import took 0.039664 seconds .

========================================================================
Received Import Request.
  Time since last request: 0.000269 seconds.
  path: Assets/_Barking_Dog/3D Free Modular Kit/_Meshes/Roof_Angle_01.FBX
  artifactKey: Guid(a335669a69f934699847642d88414623) Importer(815301076,1909f56bfc062723c751e8b465ee728b)
Start importing Assets/_Barking_Dog/3D Free Modular Kit/_Meshes/Roof_Angle_01.FBX using Guid(a335669a69f934699847642d88414623) Importer(815301076,1909f56bfc062723c751e8b465ee728b)  -> (artifact id: 'c87212bd2613792441675a39b57c3371') in 0.039156 seconds 
  Import took 0.054291 seconds .

========================================================================
Received Import Request.
  Time since last request: 0.000235 seconds.
  path: Assets/_Barking_Dog/3D Free Modular Kit/_Meshes/Floor_01.FBX
  artifactKey: Guid(318fc5659f68549feb9d55d15a12de2a) Importer(815301076,1909f56bfc062723c751e8b465ee728b)
Start importing Assets/_Barking_Dog/3D Free Modular Kit/_Meshes/Floor_01.FBX using Guid(318fc5659f68549feb9d55d15a12de2a) Importer(815301076,1909f56bfc062723c751e8b465ee728b)  -> (artifact id: '332a7544ee6d430ad1e98754be0fb138') in 0.036897 seconds 
  Import took 0.040555 seconds .

========================================================================
Received Import Request.
  Time since last request: 0.000202 seconds.
  path: Assets/_Barking_Dog/3D Free Modular Kit/_Meshes/Fan_01.FBX
  artifactKey: Guid(64d2cd6749bca4f3892daf258e7c68a2) Importer(815301076,1909f56bfc062723c751e8b465ee728b)
Start importing Assets/_Barking_Dog/3D Free Modular Kit/_Meshes/Fan_01.FBX using Guid(64d2cd6749bca4f3892daf258e7c68a2) Importer(815301076,1909f56bfc062723c751e8b465ee728b)  -> (artifact id: '58795de3801647b96ba0d0b128f57a98') in 0.043626 seconds 
  Import took 0.047068 seconds .

========================================================================
Received Import Request.
  Time since last request: 0.000228 seconds.
  path: Assets/_Barking_Dog/3D Free Modular Kit/_Meshes/Wall_HalfArc_90_03.FBX
  artifactKey: Guid(38b9333c840464ce789e1b0aff1b89ad) Importer(815301076,1909f56bfc062723c751e8b465ee728b)
Start importing Assets/_Barking_Dog/3D Free Modular Kit/_Meshes/Wall_HalfArc_90_03.FBX using Guid(38b9333c840464ce789e1b0aff1b89ad) Importer(815301076,1909f56bfc062723c751e8b465ee728b)  -> (artifact id: '2f936c44de2de0345a1da1651704af4c') in 0.036720 seconds 
  Import took 0.039748 seconds .

========================================================================
Received Import Request.
  Time since last request: 0.000202 seconds.
  path: Assets/_Barking_Dog/3D Free Modular Kit/_Meshes/Door_Arch_01.FBX
  artifactKey: Guid(ff2448abfdccb4826856bab7a63c6d68) Importer(815301076,1909f56bfc062723c751e8b465ee728b)
Start importing Assets/_Barking_Dog/3D Free Modular Kit/_Meshes/Door_Arch_01.FBX using Guid(ff2448abfdccb4826856bab7a63c6d68) Importer(815301076,1909f56bfc062723c751e8b465ee728b)  -> (artifact id: 'ddfceff20dac702bd7cf3d60a4f9b445') in 0.040054 seconds 
  Import took 0.043359 seconds .

========================================================================
Received Import Request.
  Time since last request: 0.000333 seconds.
  path: Assets/_Barking_Dog/3D Free Modular Kit/_Meshes/Wall_Arc_90_01.FBX
  artifactKey: Guid(13aac7515de6a4dd4b3c7979f7dbe7a2) Importer(815301076,1909f56bfc062723c751e8b465ee728b)
Start importing Assets/_Barking_Dog/3D Free Modular Kit/_Meshes/Wall_Arc_90_01.FBX using Guid(13aac7515de6a4dd4b3c7979f7dbe7a2) Importer(815301076,1909f56bfc062723c751e8b465ee728b)  -> (artifact id: '4757027404dd51d1858511576d6cb03c') in 0.036358 seconds 
  Import took 0.039905 seconds .

========================================================================
Received Import Request.
  Time since last request: 0.000212 seconds.
  path: Assets/_Barking_Dog/3D Free Modular Kit/_Meshes/Roof_01.FBX
  artifactKey: Guid(76e15ece664ee41ada45b8500a673f22) Importer(815301076,1909f56bfc062723c751e8b465ee728b)
Start importing Assets/_Barking_Dog/3D Free Modular Kit/_Meshes/Roof_01.FBX using Guid(76e15ece664ee41ada45b8500a673f22) Importer(815301076,1909f56bfc062723c751e8b465ee728b)  -> (artifact id: 'f507829bd28b6705b33a3fe5354f3dcc') in 0.039433 seconds 
  Import took 0.079993 seconds .

========================================================================
Received Import Request.
  Time since last request: 0.000728 seconds.
  path: Assets/_Barking_Dog/3D Free Modular Kit/_Meshes/Roof_Angle_Smal_01.FBX
  artifactKey: Guid(2c0055bf80c5d48de99a4610f68413ac) Importer(815301076,1909f56bfc062723c751e8b465ee728b)
Start importing Assets/_Barking_Dog/3D Free Modular Kit/_Meshes/Roof_Angle_Smal_01.FBX using Guid(2c0055bf80c5d48de99a4610f68413ac) Importer(815301076,1909f56bfc062723c751e8b465ee728b)  -> (artifact id: 'a91b19daddabd2e35060f7e98ed48901') in 0.062525 seconds 
  Import took 0.070191 seconds .

========================================================================
Received Import Request.
  Time since last request: 0.000197 seconds.
  path: Assets/_Barking_Dog/3D Free Modular Kit/_Meshes/Wall_Simple_01.FBX
  artifactKey: Guid(8386fa60b76534bc0856f1d023537484) Importer(815301076,1909f56bfc062723c751e8b465ee728b)
Start importing Assets/_Barking_Dog/3D Free Modular Kit/_Meshes/Wall_Simple_01.FBX using Guid(8386fa60b76534bc0856f1d023537484) Importer(815301076,1909f56bfc062723c751e8b465ee728b)  -> (artifact id: 'fc087c76aa922345ab8366b4fe26b0ad') in 0.039616 seconds 
  Import took 0.043166 seconds .

========================================================================
Received Import Request.
  Time since last request: 0.000199 seconds.
  path: Assets/_Barking_Dog/3D Free Modular Kit/_Meshes/Roof_Angle_Large_01.FBX
  artifactKey: Guid(c7f0be1a7661a448388e936acefcd607) Importer(815301076,1909f56bfc062723c751e8b465ee728b)
Start importing Assets/_Barking_Dog/3D Free Modular Kit/_Meshes/Roof_Angle_Large_01.FBX using Guid(c7f0be1a7661a448388e936acefcd607) Importer(815301076,1909f56bfc062723c751e8b465ee728b)  -> (artifact id: '1d6cabda10e9935e0745f4a1f9f40c8c') in 0.038118 seconds 
  Import took 0.041206 seconds .

========================================================================
Received Import Request.
  Time since last request: 0.000190 seconds.
  path: Assets/_Barking_Dog/3D Free Modular Kit/_Meshes/Light_01.FBX
  artifactKey: Guid(45d2e8119c39748209c49281be62d9a7) Importer(815301076,1909f56bfc062723c751e8b465ee728b)
Start importing Assets/_Barking_Dog/3D Free Modular Kit/_Meshes/Light_01.FBX using Guid(45d2e8119c39748209c49281be62d9a7) Importer(815301076,1909f56bfc062723c751e8b465ee728b)  -> (artifact id: '70220f180a58c98b42435d74b57ef71e') in 0.071969 seconds 
  Import took 0.075264 seconds .

========================================================================
Received Import Request.
  Time since last request: 0.000215 seconds.
  path: Assets/_Barking_Dog/3D Free Modular Kit/_Meshes/Wall_HalfArc_90_02.FBX
  artifactKey: Guid(fcd3445ec3ee04cb285c72daf3ae46ec) Importer(815301076,1909f56bfc062723c751e8b465ee728b)
Start importing Assets/_Barking_Dog/3D Free Modular Kit/_Meshes/Wall_HalfArc_90_02.FBX using Guid(fcd3445ec3ee04cb285c72daf3ae46ec) Importer(815301076,1909f56bfc062723c751e8b465ee728b)  -> (artifact id: '6bd6b057a77fd33ca6e079ed3d4842d6') in 0.040117 seconds 
  Import took 0.043278 seconds .

========================================================================
Received Import Request.
  Time since last request: 0.000205 seconds.
  path: Assets/_Barking_Dog/3D Free Modular Kit/_Meshes/Door_Left_01.FBX
  artifactKey: Guid(7fe4a827493384beea453a7d680fa266) Importer(815301076,1909f56bfc062723c751e8b465ee728b)
Start importing Assets/_Barking_Dog/3D Free Modular Kit/_Meshes/Door_Left_01.FBX using Guid(7fe4a827493384beea453a7d680fa266) Importer(815301076,1909f56bfc062723c751e8b465ee728b)  -> (artifact id: 'e3f273546578e0f82f691cdaef593872') in 0.039956 seconds 
  Import took 0.098963 seconds .

========================================================================
Received Import Request.
  Time since last request: 1.406056 seconds.
  path: Assets/_Barking_Dog/3D Free Modular Kit/_Meshes/Materials
  artifactKey: Guid(608cdedffeeb945ec96182f72f1bf294) Importer(815301076,1909f56bfc062723c751e8b465ee728b)
Start importing Assets/_Barking_Dog/3D Free Modular Kit/_Meshes/Materials using Guid(608cdedffeeb945ec96182f72f1bf294) Importer(815301076,1909f56bfc062723c751e8b465ee728b)  -> (artifact id: '8d83f074fcea56e28040f6d5b09062b5') in 0.003998 seconds 
  Import took 0.007965 seconds .

========================================================================
Received Import Request.
  Time since last request: 0.044353 seconds.
  path: Assets/_Barking_Dog/3D Free Modular Kit/_Meshes/Materials/Diffuse_01.mat
  artifactKey: Guid(34e48a3ce50b34c339d8fc61e309e31d) Importer(815301076,1909f56bfc062723c751e8b465ee728b)
Start importing Assets/_Barking_Dog/3D Free Modular Kit/_Meshes/Materials/Diffuse_01.mat using Guid(34e48a3ce50b34c339d8fc61e309e31d) Importer(815301076,1909f56bfc062723c751e8b465ee728b)  -> (artifact id: '4528f0a3a26f2100ce9c67fc41c1a1bd') in 0.288516 seconds 
  Import took 0.294956 seconds .

========================================================================
Received Import Request.
  Time since last request: 0.000954 seconds.
  path: Assets/_Barking_Dog/3D Free Modular Kit/_Meshes/Materials/Glass.mat
  artifactKey: Guid(e318ecb29444643f09e7c0d3dea07387) Importer(815301076,1909f56bfc062723c751e8b465ee728b)
Start importing Assets/_Barking_Dog/3D Free Modular Kit/_Meshes/Materials/Glass.mat using Guid(e318ecb29444643f09e7c0d3dea07387) Importer(815301076,1909f56bfc062723c751e8b465ee728b)  -> (artifact id: 'f09dfbe8eb2a937198f8fe9a345330b1') in 0.038386 seconds 
  Import took 0.044262 seconds .

========================================================================
Received Import Request.
  Time since last request: 0.000220 seconds.
  path: Assets/_Barking_Dog/3D Free Modular Kit/_Meshes/Materials/Neon_01.mat
  artifactKey: Guid(91a1b05a08a334950a599b252610e8cf) Importer(815301076,1909f56bfc062723c751e8b465ee728b)
Start importing Assets/_Barking_Dog/3D Free Modular Kit/_Meshes/Materials/Neon_01.mat using Guid(91a1b05a08a334950a599b252610e8cf) Importer(815301076,1909f56bfc062723c751e8b465ee728b)  -> (artifact id: 'f47c0df650be4b8e5ae453847894ce7f') in 0.057065 seconds 
  Import took 0.090645 seconds .

========================================================================
Received Import Request.
  Time since last request: 74.300764 seconds.
  path: Assets
  artifactKey: Guid(00000000000000001000000000000000) Importer(815301076,1909f56bfc062723c751e8b465ee728b)
Start importing Assets using Guid(00000000000000001000000000000000) Importer(815301076,1909f56bfc062723c751e8b465ee728b)  -> (artifact id: '42d402b061de3733987d63b9cc3b64de') in 0.012143 seconds 
  Import took 0.016911 seconds .

========================================================================
Received Prepare
Registering precompiled user dll's ...
Registered in 0.006448 seconds.
Begin MonoManager ReloadAssembly
Native extension for WindowsStandalone target not found
Refreshing native plugins compatible for Editor in 0.36 ms, found 2 plugins.
Preloading 0 native plugins for Editor in 0.00 ms.
Mono: successfully reloaded assembly
- Completed reload, in  1.214 seconds
Domain Reload Profiling:
	ReloadAssembly (1215ms)
		BeginReloadAssembly (174ms)
			ExecutionOrderSort (0ms)
			DisableScriptedObjects (4ms)
			BackupInstance (0ms)
			ReleaseScriptingObjects (0ms)
			CreateAndSetChildDomain (43ms)
		EndReloadAssembly (932ms)
			LoadAssemblies (152ms)
			RebuildTransferFunctionScriptingTraits (0ms)
			SetupTypeCache (334ms)
			ReleaseScriptCaches (1ms)
			RebuildScriptCaches (44ms)
			SetupLoadedEditorAssemblies (323ms)
				LogAssemblyErrors (0ms)
				InitializePlatformSupportModulesInManaged (5ms)
				SetLoadedEditorAssemblies (1ms)
				RefreshPlugins (0ms)
				BeforeProcessingInitializeOnLoad (59ms)
				ProcessInitializeOnLoadAttributes (232ms)
				ProcessInitializeOnLoadMethodAttributes (15ms)
				AfterProcessingInitializeOnLoad (12ms)
				EditorAssembliesLoaded (0ms)
			ExecutionOrderSort2 (0ms)
			AwakeInstancesAfterBackupRestoration (12ms)
Platform modules already initialized, skipping
Refreshing native plugins compatible for Editor in 0.75 ms, found 2 plugins.
Preloading 0 native plugins for Editor in 0.00 ms.
Unloading 1499 Unused Serialized files (Serialized files now loaded: 0)
System memory in use before: 86.1 MB.
System memory in use after: 86.2 MB.

Unloading 14 unused Assets to reduce memory usage. Loaded Objects now: 1987.
Total: 3.328600 ms (FindLiveObjects: 0.166800 ms CreateObjectMapping: 0.064900 ms MarkObjects: 3.070800 ms  DeleteObjects: 0.023600 ms)

AssetImportParameters requested are different than current active one (requested -> active):
  custom:framework-win-MediaFoundation: 216162199b28c13a410421893ffa2e32 -> 
  custom:video-decoder-ogg-theora: a1e56fd34408186e4bbccfd4996cb3dc -> 
  custom:container-muxer-webm: aa71ff27fc2769a1b78a27578f13a17b -> 
  custom:container-demuxer-webm: 4f35f7cbe854078d1ac9338744f61a02 -> 
  custom:container-demuxer-ogg: 62fdf1f143b41e24485cea50d1cbac27 -> 
  custom:video-encoder-webm-vp8: eb34c28f22e8b96e1ab97ce403110664 -> 
  custom:video-decoder-webm-vp8: 9c59270c3fd7afecdb556c50c9e8de78 -> 
  custom:audio-decoder-ogg-vorbis: bf7c407c2cedff20999df2af8eb42d56 -> 
  custom:audio-encoder-webm-vorbis: bf7c407c2cedff20999df2af8eb42d56 -> 
========================================================================
Received Import Request.
  Time since last request: 6.183147 seconds.
  path: Assets/Scipts
  artifactKey: Guid(d41748aa06be1584da244630c55d540d) Importer(815301076,1909f56bfc062723c751e8b465ee728b)
Start importing Assets/Scipts using Guid(d41748aa06be1584da244630c55d540d) Importer(815301076,1909f56bfc062723c751e8b465ee728b)  -> (artifact id: '5a1d51a4d90dce26d29bce0de0afda33') in 0.010359 seconds 
  Import took 0.013331 seconds .

========================================================================
Received Import Request.
  Time since last request: 6.504618 seconds.
  path: Assets/Scripts
  artifactKey: Guid(d41748aa06be1584da244630c55d540d) Importer(815301076,1909f56bfc062723c751e8b465ee728b)
Start importing Assets/Scripts using Guid(d41748aa06be1584da244630c55d540d) Importer(815301076,1909f56bfc062723c751e8b465ee728b)  -> (artifact id: '94a1cfef766337d90f3ef70b15f8d141') in 0.012505 seconds 
  Import took 0.017941 seconds .

========================================================================
Received Import Request.
  Time since last request: 9.532911 seconds.
  path: Assets/Scripts/Player.cs
  artifactKey: Guid(f9a53d0287c492245bf5de4e0dc3b417) Importer(815301076,1909f56bfc062723c751e8b465ee728b)
Start importing Assets/Scripts/Player.cs using Guid(f9a53d0287c492245bf5de4e0dc3b417) Importer(815301076,1909f56bfc062723c751e8b465ee728b)  -> (artifact id: 'c8c7842dcab3b34363e0c5d3f06c1946') in 0.131767 seconds 
  Import took 0.134418 seconds .

========================================================================
Received Prepare
Registering precompiled user dll's ...
Registered in 0.007044 seconds.
Begin MonoManager ReloadAssembly
Native extension for WindowsStandalone target not found
Refreshing native plugins compatible for Editor in 0.40 ms, found 2 plugins.
Preloading 0 native plugins for Editor in 0.00 ms.
Mono: successfully reloaded assembly
- Completed reload, in  1.153 seconds
Domain Reload Profiling:
	ReloadAssembly (1154ms)
		BeginReloadAssembly (144ms)
			ExecutionOrderSort (0ms)
			DisableScriptedObjects (7ms)
			BackupInstance (0ms)
			ReleaseScriptingObjects (0ms)
			CreateAndSetChildDomain (43ms)
		EndReloadAssembly (916ms)
			LoadAssemblies (125ms)
			RebuildTransferFunctionScriptingTraits (0ms)
			SetupTypeCache (351ms)
			ReleaseScriptCaches (1ms)
			RebuildScriptCaches (44ms)
			SetupLoadedEditorAssemblies (296ms)
				LogAssemblyErrors (0ms)
				InitializePlatformSupportModulesInManaged (7ms)
				SetLoadedEditorAssemblies (1ms)
				RefreshPlugins (0ms)
				BeforeProcessingInitializeOnLoad (61ms)
				ProcessInitializeOnLoadAttributes (209ms)
				ProcessInitializeOnLoadMethodAttributes (10ms)
				AfterProcessingInitializeOnLoad (8ms)
				EditorAssembliesLoaded (0ms)
			ExecutionOrderSort2 (0ms)
			AwakeInstancesAfterBackupRestoration (8ms)
Platform modules already initialized, skipping
Refreshing native plugins compatible for Editor in 0.38 ms, found 2 plugins.
Preloading 0 native plugins for Editor in 0.00 ms.
Unloading 1500 Unused Serialized files (Serialized files now loaded: 0)
System memory in use before: 86.1 MB.
System memory in use after: 86.3 MB.

Unloading 14 unused Assets to reduce memory usage. Loaded Objects now: 1990.
Total: 2.958500 ms (FindLiveObjects: 0.149000 ms CreateObjectMapping: 0.052800 ms MarkObjects: 2.737700 ms  DeleteObjects: 0.017900 ms)

AssetImportParameters requested are different than current active one (requested -> active):
  custom:framework-win-MediaFoundation: 216162199b28c13a410421893ffa2e32 -> 
  custom:video-decoder-ogg-theora: a1e56fd34408186e4bbccfd4996cb3dc -> 
  custom:container-muxer-webm: aa71ff27fc2769a1b78a27578f13a17b -> 
  custom:container-demuxer-webm: 4f35f7cbe854078d1ac9338744f61a02 -> 
  custom:container-demuxer-ogg: 62fdf1f143b41e24485cea50d1cbac27 -> 
  custom:video-encoder-webm-vp8: eb34c28f22e8b96e1ab97ce403110664 -> 
  custom:video-decoder-webm-vp8: 9c59270c3fd7afecdb556c50c9e8de78 -> 
  custom:audio-decoder-ogg-vorbis: bf7c407c2cedff20999df2af8eb42d56 -> 
  custom:audio-encoder-webm-vorbis: bf7c407c2cedff20999df2af8eb42d56 -> 
========================================================================
Received Import Request.
  Time since last request: 236.658921 seconds.
  path: Assets/Bonecos/nerd esquisito/ty@Walking.fbx
  artifactKey: Guid(590eafed45ab55b42975b44d5649cd03) Importer(815301076,1909f56bfc062723c751e8b465ee728b)
Start importing Assets/Bonecos/nerd esquisito/ty@Walking.fbx using Guid(590eafed45ab55b42975b44d5649cd03) Importer(815301076,1909f56bfc062723c751e8b465ee728b)  -> (artifact id: 'd612af0ca2eabf6d6fbb9c70450f3ba8') in 0.262272 seconds 
  Import took 0.267496 seconds .

========================================================================
Received Import Request.
  Time since last request: 52.835178 seconds.
  path: Assets/Bonecos/nerd esquisito/PlayerController.controller
  artifactKey: Guid(70947885f320f1049865f6e5ff0cdb94) Importer(815301076,1909f56bfc062723c751e8b465ee728b)
Start importing Assets/Bonecos/nerd esquisito/PlayerController.controller using Guid(70947885f320f1049865f6e5ff0cdb94) Importer(815301076,1909f56bfc062723c751e8b465ee728b)  -> (artifact id: 'cf8c64175504588ce7a49b69bfc608d0') in 0.014951 seconds 
  Import took 0.019303 seconds .

========================================================================
Received Prepare
Registering precompiled user dll's ...
Registered in 0.006363 seconds.
Begin MonoManager ReloadAssembly
Native extension for WindowsStandalone target not found
Refreshing native plugins compatible for Editor in 0.43 ms, found 2 plugins.
Preloading 0 native plugins for Editor in 0.00 ms.
Mono: successfully reloaded assembly
- Completed reload, in  1.301 seconds
Domain Reload Profiling:
	ReloadAssembly (1302ms)
		BeginReloadAssembly (132ms)
			ExecutionOrderSort (0ms)
			DisableScriptedObjects (5ms)
			BackupInstance (0ms)
			ReleaseScriptingObjects (0ms)
			CreateAndSetChildDomain (38ms)
		EndReloadAssembly (1089ms)
			LoadAssemblies (115ms)
			RebuildTransferFunctionScriptingTraits (0ms)
			SetupTypeCache (423ms)
			ReleaseScriptCaches (1ms)
			RebuildScriptCaches (62ms)
			SetupLoadedEditorAssemblies (359ms)
				LogAssemblyErrors (0ms)
				InitializePlatformSupportModulesInManaged (5ms)
				SetLoadedEditorAssemblies (1ms)
				RefreshPlugins (1ms)
				BeforeProcessingInitializeOnLoad (83ms)
				ProcessInitializeOnLoadAttributes (252ms)
				ProcessInitializeOnLoadMethodAttributes (9ms)
				AfterProcessingInitializeOnLoad (9ms)
				EditorAssembliesLoaded (0ms)
			ExecutionOrderSort2 (0ms)
			AwakeInstancesAfterBackupRestoration (8ms)
Platform modules already initialized, skipping
Refreshing native plugins compatible for Editor in 0.61 ms, found 2 plugins.
Preloading 0 native plugins for Editor in 0.00 ms.
Unloading 1501 Unused Serialized files (Serialized files now loaded: 0)
System memory in use before: 86.2 MB.
System memory in use after: 86.3 MB.

Unloading 14 unused Assets to reduce memory usage. Loaded Objects now: 1994.
Total: 3.520800 ms (FindLiveObjects: 0.169300 ms CreateObjectMapping: 0.051000 ms MarkObjects: 3.274800 ms  DeleteObjects: 0.024000 ms)

AssetImportParameters requested are different than current active one (requested -> active):
  custom:framework-win-MediaFoundation: 216162199b28c13a410421893ffa2e32 -> 
  custom:video-decoder-ogg-theora: a1e56fd34408186e4bbccfd4996cb3dc -> 
  custom:container-muxer-webm: aa71ff27fc2769a1b78a27578f13a17b -> 
  custom:container-demuxer-webm: 4f35f7cbe854078d1ac9338744f61a02 -> 
  custom:container-demuxer-ogg: 62fdf1f143b41e24485cea50d1cbac27 -> 
  custom:video-encoder-webm-vp8: eb34c28f22e8b96e1ab97ce403110664 -> 
  custom:video-decoder-webm-vp8: 9c59270c3fd7afecdb556c50c9e8de78 -> 
  custom:audio-decoder-ogg-vorbis: bf7c407c2cedff20999df2af8eb42d56 -> 
  custom:audio-encoder-webm-vorbis: bf7c407c2cedff20999df2af8eb42d56 -> 
========================================================================
Received Prepare
Registering precompiled user dll's ...
Registered in 0.008477 seconds.
Begin MonoManager ReloadAssembly
Native extension for WindowsStandalone target not found
Refreshing native plugins compatible for Editor in 0.37 ms, found 2 plugins.
Preloading 0 native plugins for Editor in 0.00 ms.
Mono: successfully reloaded assembly
- Completed reload, in  1.162 seconds
Domain Reload Profiling:
	ReloadAssembly (1163ms)
		BeginReloadAssembly (129ms)
			ExecutionOrderSort (0ms)
			DisableScriptedObjects (4ms)
			BackupInstance (0ms)
			ReleaseScriptingObjects (0ms)
			CreateAndSetChildDomain (37ms)
		EndReloadAssembly (967ms)
			LoadAssemblies (103ms)
			RebuildTransferFunctionScriptingTraits (0ms)
			SetupTypeCache (352ms)
			ReleaseScriptCaches (1ms)
			RebuildScriptCaches (55ms)
			SetupLoadedEditorAssemblies (306ms)
				LogAssemblyErrors (0ms)
				InitializePlatformSupportModulesInManaged (5ms)
				SetLoadedEditorAssemblies (1ms)
				RefreshPlugins (0ms)
				BeforeProcessingInitializeOnLoad (58ms)
				ProcessInitializeOnLoadAttributes (223ms)
				ProcessInitializeOnLoadMethodAttributes (10ms)
				AfterProcessingInitializeOnLoad (8ms)
				EditorAssembliesLoaded (0ms)
			ExecutionOrderSort2 (0ms)
			AwakeInstancesAfterBackupRestoration (7ms)
Platform modules already initialized, skipping
Refreshing native plugins compatible for Editor in 0.38 ms, found 2 plugins.
Preloading 0 native plugins for Editor in 0.00 ms.
Unloading 1501 Unused Serialized files (Serialized files now loaded: 0)
System memory in use before: 86.2 MB.
System memory in use after: 86.3 MB.

Unloading 14 unused Assets to reduce memory usage. Loaded Objects now: 1996.
Total: 3.000700 ms (FindLiveObjects: 0.209000 ms CreateObjectMapping: 0.056200 ms MarkObjects: 2.714300 ms  DeleteObjects: 0.020100 ms)

AssetImportParameters requested are different than current active one (requested -> active):
  custom:framework-win-MediaFoundation: 216162199b28c13a410421893ffa2e32 -> 
  custom:video-decoder-ogg-theora: a1e56fd34408186e4bbccfd4996cb3dc -> 
  custom:container-muxer-webm: aa71ff27fc2769a1b78a27578f13a17b -> 
  custom:container-demuxer-webm: 4f35f7cbe854078d1ac9338744f61a02 -> 
  custom:container-demuxer-ogg: 62fdf1f143b41e24485cea50d1cbac27 -> 
  custom:video-encoder-webm-vp8: eb34c28f22e8b96e1ab97ce403110664 -> 
  custom:video-decoder-webm-vp8: 9c59270c3fd7afecdb556c50c9e8de78 -> 
  custom:audio-decoder-ogg-vorbis: bf7c407c2cedff20999df2af8eb42d56 -> 
  custom:audio-encoder-webm-vorbis: bf7c407c2cedff20999df2af8eb42d56 -> 
========================================================================
Received Prepare
Registering precompiled user dll's ...
Registered in 0.008385 seconds.
Begin MonoManager ReloadAssembly
Native extension for WindowsStandalone target not found
Refreshing native plugins compatible for Editor in 0.42 ms, found 2 plugins.
Preloading 0 native plugins for Editor in 0.00 ms.
Mono: successfully reloaded assembly
- Completed reload, in  1.076 seconds
Domain Reload Profiling:
	ReloadAssembly (1077ms)
		BeginReloadAssembly (118ms)
			ExecutionOrderSort (0ms)
			DisableScriptedObjects (5ms)
			BackupInstance (0ms)
			ReleaseScriptingObjects (0ms)
			CreateAndSetChildDomain (32ms)
		EndReloadAssembly (889ms)
			LoadAssemblies (100ms)
			RebuildTransferFunctionScriptingTraits (0ms)
			SetupTypeCache (305ms)
			ReleaseScriptCaches (1ms)
			RebuildScriptCaches (39ms)
			SetupLoadedEditorAssemblies (348ms)
				LogAssemblyErrors (0ms)
				InitializePlatformSupportModulesInManaged (6ms)
				SetLoadedEditorAssemblies (1ms)
				RefreshPlugins (1ms)
				BeforeProcessingInitializeOnLoad (72ms)
				ProcessInitializeOnLoadAttributes (247ms)
				ProcessInitializeOnLoadMethodAttributes (11ms)
				AfterProcessingInitializeOnLoad (9ms)
				EditorAssembliesLoaded (0ms)
			ExecutionOrderSort2 (0ms)
			AwakeInstancesAfterBackupRestoration (8ms)
Platform modules already initialized, skipping
Refreshing native plugins compatible for Editor in 0.41 ms, found 2 plugins.
Preloading 0 native plugins for Editor in 0.00 ms.
Unloading 1501 Unused Serialized files (Serialized files now loaded: 0)
System memory in use before: 86.2 MB.
System memory in use after: 86.3 MB.

Unloading 14 unused Assets to reduce memory usage. Loaded Objects now: 1998.
Total: 2.922500 ms (FindLiveObjects: 0.151100 ms CreateObjectMapping: 0.053200 ms MarkObjects: 2.699300 ms  DeleteObjects: 0.018100 ms)

AssetImportParameters requested are different than current active one (requested -> active):
  custom:framework-win-MediaFoundation: 216162199b28c13a410421893ffa2e32 -> 
  custom:video-decoder-ogg-theora: a1e56fd34408186e4bbccfd4996cb3dc -> 
  custom:container-muxer-webm: aa71ff27fc2769a1b78a27578f13a17b -> 
  custom:container-demuxer-webm: 4f35f7cbe854078d1ac9338744f61a02 -> 
  custom:container-demuxer-ogg: 62fdf1f143b41e24485cea50d1cbac27 -> 
  custom:video-encoder-webm-vp8: eb34c28f22e8b96e1ab97ce403110664 -> 
  custom:video-decoder-webm-vp8: 9c59270c3fd7afecdb556c50c9e8de78 -> 
  custom:audio-decoder-ogg-vorbis: bf7c407c2cedff20999df2af8eb42d56 -> 
  custom:audio-encoder-webm-vorbis: bf7c407c2cedff20999df2af8eb42d56 -> 
========================================================================
Received Import Request.
  Time since last request: 224.371615 seconds.
  path: Assets/Scripts/Player.cs
  artifactKey: Guid(f9a53d0287c492245bf5de4e0dc3b417) Importer(815301076,1909f56bfc062723c751e8b465ee728b)
Start importing Assets/Scripts/Player.cs using Guid(f9a53d0287c492245bf5de4e0dc3b417) Importer(815301076,1909f56bfc062723c751e8b465ee728b)  -> (artifact id: 'f68d358fa00da6e396308cc9c14c4be1') in 0.007902 seconds 
  Import took 0.010707 seconds .

========================================================================
Received Prepare
Registering precompiled user dll's ...
Registered in 0.006670 seconds.
Begin MonoManager ReloadAssembly
Native extension for WindowsStandalone target not found
Refreshing native plugins compatible for Editor in 0.38 ms, found 2 plugins.
Preloading 0 native plugins for Editor in 0.00 ms.
Mono: successfully reloaded assembly
- Completed reload, in  1.665 seconds
Domain Reload Profiling:
	ReloadAssembly (1666ms)
		BeginReloadAssembly (538ms)
			ExecutionOrderSort (0ms)
			DisableScriptedObjects (7ms)
			BackupInstance (0ms)
			ReleaseScriptingObjects (0ms)
			CreateAndSetChildDomain (155ms)
		EndReloadAssembly (989ms)
			LoadAssemblies (235ms)
			RebuildTransferFunctionScriptingTraits (0ms)
			SetupTypeCache (339ms)
			ReleaseScriptCaches (1ms)
			RebuildScriptCaches (42ms)
			SetupLoadedEditorAssemblies (320ms)
				LogAssemblyErrors (0ms)
				InitializePlatformSupportModulesInManaged (6ms)
				SetLoadedEditorAssemblies (1ms)
				RefreshPlugins (0ms)
				BeforeProcessingInitializeOnLoad (62ms)
				ProcessInitializeOnLoadAttributes (233ms)
				ProcessInitializeOnLoadMethodAttributes (10ms)
				AfterProcessingInitializeOnLoad (8ms)
				EditorAssembliesLoaded (0ms)
			ExecutionOrderSort2 (0ms)
			AwakeInstancesAfterBackupRestoration (8ms)
Platform modules already initialized, skipping
Refreshing native plugins compatible for Editor in 0.38 ms, found 2 plugins.
Preloading 0 native plugins for Editor in 0.00 ms.
Unloading 1500 Unused Serialized files (Serialized files now loaded: 0)
System memory in use before: 86.2 MB.
System memory in use after: 86.3 MB.

Unloading 15 unused Assets to reduce memory usage. Loaded Objects now: 1999.
Total: 3.230500 ms (FindLiveObjects: 0.164000 ms CreateObjectMapping: 0.082000 ms MarkObjects: 2.940700 ms  DeleteObjects: 0.042400 ms)

AssetImportParameters requested are different than current active one (requested -> active):
  custom:framework-win-MediaFoundation: 216162199b28c13a410421893ffa2e32 -> 
  custom:video-decoder-ogg-theora: a1e56fd34408186e4bbccfd4996cb3dc -> 
  custom:container-muxer-webm: aa71ff27fc2769a1b78a27578f13a17b -> 
  custom:container-demuxer-webm: 4f35f7cbe854078d1ac9338744f61a02 -> 
  custom:container-demuxer-ogg: 62fdf1f143b41e24485cea50d1cbac27 -> 
  custom:video-encoder-webm-vp8: eb34c28f22e8b96e1ab97ce403110664 -> 
  custom:video-decoder-webm-vp8: 9c59270c3fd7afecdb556c50c9e8de78 -> 
  custom:audio-decoder-ogg-vorbis: bf7c407c2cedff20999df2af8eb42d56 -> 
  custom:audio-encoder-webm-vorbis: bf7c407c2cedff20999df2af8eb42d56 -> 
========================================================================
Received Prepare
Registering precompiled user dll's ...
Registered in 0.007376 seconds.
Begin MonoManager ReloadAssembly
Native extension for WindowsStandalone target not found
Refreshing native plugins compatible for Editor in 0.36 ms, found 2 plugins.
Preloading 0 native plugins for Editor in 0.00 ms.
Mono: successfully reloaded assembly
- Completed reload, in  2.764 seconds
Domain Reload Profiling:
	ReloadAssembly (2765ms)
		BeginReloadAssembly (245ms)
			ExecutionOrderSort (0ms)
			DisableScriptedObjects (7ms)
			BackupInstance (0ms)
			ReleaseScriptingObjects (0ms)
			CreateAndSetChildDomain (53ms)
		EndReloadAssembly (1804ms)
			LoadAssemblies (261ms)
			RebuildTransferFunctionScriptingTraits (0ms)
			SetupTypeCache (1010ms)
			ReleaseScriptCaches (1ms)
			RebuildScriptCaches (90ms)
			SetupLoadedEditorAssemblies (377ms)
				LogAssemblyErrors (0ms)
				InitializePlatformSupportModulesInManaged (6ms)
				SetLoadedEditorAssemblies (1ms)
				RefreshPlugins (0ms)
				BeforeProcessingInitializeOnLoad (62ms)
				ProcessInitializeOnLoadAttributes (289ms)
				ProcessInitializeOnLoadMethodAttributes (10ms)
				AfterProcessingInitializeOnLoad (9ms)
				EditorAssembliesLoaded (0ms)
			ExecutionOrderSort2 (0ms)
			AwakeInstancesAfterBackupRestoration (9ms)
Platform modules already initialized, skipping
Refreshing native plugins compatible for Editor in 0.36 ms, found 2 plugins.
Preloading 0 native plugins for Editor in 0.00 ms.
Unloading 1501 Unused Serialized files (Serialized files now loaded: 0)
System memory in use before: 86.2 MB.
System memory in use after: 86.3 MB.

Unloading 14 unused Assets to reduce memory usage. Loaded Objects now: 2002.
Total: 3.328400 ms (FindLiveObjects: 0.229100 ms CreateObjectMapping: 0.088800 ms MarkObjects: 2.984500 ms  DeleteObjects: 0.023400 ms)

AssetImportParameters requested are different than current active one (requested -> active):
  custom:framework-win-MediaFoundation: 216162199b28c13a410421893ffa2e32 -> 
  custom:video-decoder-ogg-theora: a1e56fd34408186e4bbccfd4996cb3dc -> 
  custom:container-muxer-webm: aa71ff27fc2769a1b78a27578f13a17b -> 
  custom:container-demuxer-webm: 4f35f7cbe854078d1ac9338744f61a02 -> 
  custom:container-demuxer-ogg: 62fdf1f143b41e24485cea50d1cbac27 -> 
  custom:video-encoder-webm-vp8: eb34c28f22e8b96e1ab97ce403110664 -> 
  custom:video-decoder-webm-vp8: 9c59270c3fd7afecdb556c50c9e8de78 -> 
  custom:audio-decoder-ogg-vorbis: bf7c407c2cedff20999df2af8eb42d56 -> 
  custom:audio-encoder-webm-vorbis: bf7c407c2cedff20999df2af8eb42d56 -> 
========================================================================
Received Prepare
Registering precompiled user dll's ...
Registered in 0.008846 seconds.
Begin MonoManager ReloadAssembly
Native extension for WindowsStandalone target not found
Refreshing native plugins compatible for Editor in 0.57 ms, found 2 plugins.
Preloading 0 native plugins for Editor in 0.00 ms.
Mono: successfully reloaded assembly
- Completed reload, in  1.204 seconds
Domain Reload Profiling:
	ReloadAssembly (1204ms)
		BeginReloadAssembly (129ms)
			ExecutionOrderSort (0ms)
			DisableScriptedObjects (6ms)
			BackupInstance (0ms)
			ReleaseScriptingObjects (0ms)
			CreateAndSetChildDomain (33ms)
		EndReloadAssembly (998ms)
			LoadAssemblies (112ms)
			RebuildTransferFunctionScriptingTraits (0ms)
			SetupTypeCache (322ms)
			ReleaseScriptCaches (1ms)
			RebuildScriptCaches (56ms)
			SetupLoadedEditorAssemblies (363ms)
				LogAssemblyErrors (0ms)
				InitializePlatformSupportModulesInManaged (5ms)
				SetLoadedEditorAssemblies (1ms)
				RefreshPlugins (1ms)
				BeforeProcessingInitializeOnLoad (74ms)
				ProcessInitializeOnLoadAttributes (262ms)
				ProcessInitializeOnLoadMethodAttributes (12ms)
				AfterProcessingInitializeOnLoad (8ms)
				EditorAssembliesLoaded (0ms)
			ExecutionOrderSort2 (0ms)
			AwakeInstancesAfterBackupRestoration (8ms)
Platform modules already initialized, skipping
Refreshing native plugins compatible for Editor in 0.38 ms, found 2 plugins.
Preloading 0 native plugins for Editor in 0.00 ms.
Unloading 1501 Unused Serialized files (Serialized files now loaded: 0)
System memory in use before: 86.2 MB.
System memory in use after: 86.3 MB.

Unloading 14 unused Assets to reduce memory usage. Loaded Objects now: 2004.
Total: 2.893300 ms (FindLiveObjects: 0.150700 ms CreateObjectMapping: 0.047400 ms MarkObjects: 2.675700 ms  DeleteObjects: 0.018600 ms)

AssetImportParameters requested are different than current active one (requested -> active):
  custom:framework-win-MediaFoundation: 216162199b28c13a410421893ffa2e32 -> 
  custom:video-decoder-ogg-theora: a1e56fd34408186e4bbccfd4996cb3dc -> 
  custom:container-muxer-webm: aa71ff27fc2769a1b78a27578f13a17b -> 
  custom:container-demuxer-webm: 4f35f7cbe854078d1ac9338744f61a02 -> 
  custom:container-demuxer-ogg: 62fdf1f143b41e24485cea50d1cbac27 -> 
  custom:video-encoder-webm-vp8: eb34c28f22e8b96e1ab97ce403110664 -> 
  custom:video-decoder-webm-vp8: 9c59270c3fd7afecdb556c50c9e8de78 -> 
  custom:audio-decoder-ogg-vorbis: bf7c407c2cedff20999df2af8eb42d56 -> 
  custom:audio-encoder-webm-vorbis: bf7c407c2cedff20999df2af8eb42d56 -> 
========================================================================
Received Prepare
Registering precompiled user dll's ...
Registered in 0.006024 seconds.
Begin MonoManager ReloadAssembly
Native extension for WindowsStandalone target not found
Refreshing native plugins compatible for Editor in 0.37 ms, found 2 plugins.
Preloading 0 native plugins for Editor in 0.00 ms.
Mono: successfully reloaded assembly
- Completed reload, in  1.144 seconds
Domain Reload Profiling:
	ReloadAssembly (1145ms)
		BeginReloadAssembly (124ms)
			ExecutionOrderSort (0ms)
			DisableScriptedObjects (5ms)
			BackupInstance (0ms)
			ReleaseScriptingObjects (0ms)
			CreateAndSetChildDomain (32ms)
		EndReloadAssembly (923ms)
			LoadAssemblies (126ms)
			RebuildTransferFunctionScriptingTraits (0ms)
			SetupTypeCache (350ms)
			ReleaseScriptCaches (1ms)
			RebuildScriptCaches (59ms)
			SetupLoadedEditorAssemblies (295ms)
				LogAssemblyErrors (0ms)
				InitializePlatformSupportModulesInManaged (5ms)
				SetLoadedEditorAssemblies (1ms)
				RefreshPlugins (0ms)
				BeforeProcessingInitializeOnLoad (57ms)
				ProcessInitializeOnLoadAttributes (214ms)
				ProcessInitializeOnLoadMethodAttributes (10ms)
				AfterProcessingInitializeOnLoad (8ms)
				EditorAssembliesLoaded (0ms)
			ExecutionOrderSort2 (0ms)
			AwakeInstancesAfterBackupRestoration (7ms)
Platform modules already initialized, skipping
Refreshing native plugins compatible for Editor in 0.43 ms, found 2 plugins.
Preloading 0 native plugins for Editor in 0.00 ms.
Unloading 1501 Unused Serialized files (Serialized files now loaded: 0)
System memory in use before: 86.2 MB.
System memory in use after: 86.4 MB.

Unloading 14 unused Assets to reduce memory usage. Loaded Objects now: 2006.
Total: 2.778600 ms (FindLiveObjects: 0.179000 ms CreateObjectMapping: 0.045100 ms MarkObjects: 2.533000 ms  DeleteObjects: 0.019800 ms)

AssetImportParameters requested are different than current active one (requested -> active):
  custom:framework-win-MediaFoundation: 216162199b28c13a410421893ffa2e32 -> 
  custom:video-decoder-ogg-theora: a1e56fd34408186e4bbccfd4996cb3dc -> 
  custom:container-muxer-webm: aa71ff27fc2769a1b78a27578f13a17b -> 
  custom:container-demuxer-webm: 4f35f7cbe854078d1ac9338744f61a02 -> 
  custom:container-demuxer-ogg: 62fdf1f143b41e24485cea50d1cbac27 -> 
  custom:video-encoder-webm-vp8: eb34c28f22e8b96e1ab97ce403110664 -> 
  custom:video-decoder-webm-vp8: 9c59270c3fd7afecdb556c50c9e8de78 -> 
  custom:audio-decoder-ogg-vorbis: bf7c407c2cedff20999df2af8eb42d56 -> 
  custom:audio-encoder-webm-vorbis: bf7c407c2cedff20999df2af8eb42d56 -> 
========================================================================
Received Import Request.
  Time since last request: 830.110021 seconds.
  path: Assets/Bonecos/nerd esquisito/ty@Walking.fbx
  artifactKey: Guid(590eafed45ab55b42975b44d5649cd03) Importer(815301076,1909f56bfc062723c751e8b465ee728b)
Start importing Assets/Bonecos/nerd esquisito/ty@Walking.fbx using Guid(590eafed45ab55b42975b44d5649cd03) Importer(815301076,1909f56bfc062723c751e8b465ee728b)  -> (artifact id: 'a0a92a4d10a003518755f2b1d10017e1') in 0.234766 seconds 
  Import took 0.298838 seconds .

========================================================================
Received Prepare
Registering precompiled user dll's ...
Registered in 0.009408 seconds.
Begin MonoManager ReloadAssembly
Native extension for WindowsStandalone target not found
Refreshing native plugins compatible for Editor in 0.36 ms, found 2 plugins.
Preloading 0 native plugins for Editor in 0.00 ms.
Mono: successfully reloaded assembly
- Completed reload, in  1.217 seconds
Domain Reload Profiling:
	ReloadAssembly (1218ms)
		BeginReloadAssembly (195ms)
			ExecutionOrderSort (0ms)
			DisableScriptedObjects (5ms)
			BackupInstance (0ms)
			ReleaseScriptingObjects (0ms)
			CreateAndSetChildDomain (57ms)
		EndReloadAssembly (932ms)
			LoadAssemblies (163ms)
			RebuildTransferFunctionScriptingTraits (0ms)
			SetupTypeCache (341ms)
			ReleaseScriptCaches (1ms)
			RebuildScriptCaches (42ms)
			SetupLoadedEditorAssemblies (323ms)
				LogAssemblyErrors (0ms)
				InitializePlatformSupportModulesInManaged (6ms)
				SetLoadedEditorAssemblies (1ms)
				RefreshPlugins (0ms)
				BeforeProcessingInitializeOnLoad (61ms)
				ProcessInitializeOnLoadAttributes (236ms)
				ProcessInitializeOnLoadMethodAttributes (10ms)
				AfterProcessingInitializeOnLoad (8ms)
				EditorAssembliesLoaded (0ms)
			ExecutionOrderSort2 (0ms)
			AwakeInstancesAfterBackupRestoration (7ms)
Platform modules already initialized, skipping
Refreshing native plugins compatible for Editor in 0.40 ms, found 2 plugins.
Preloading 0 native plugins for Editor in 0.00 ms.
Unloading 1501 Unused Serialized files (Serialized files now loaded: 0)
System memory in use before: 86.3 MB.
System memory in use after: 86.4 MB.

Unloading 14 unused Assets to reduce memory usage. Loaded Objects now: 2009.
Total: 2.757700 ms (FindLiveObjects: 0.170800 ms CreateObjectMapping: 0.046200 ms MarkObjects: 2.521500 ms  DeleteObjects: 0.018300 ms)

AssetImportParameters requested are different than current active one (requested -> active):
  custom:framework-win-MediaFoundation: 216162199b28c13a410421893ffa2e32 -> 
  custom:video-decoder-ogg-theora: a1e56fd34408186e4bbccfd4996cb3dc -> 
  custom:container-muxer-webm: aa71ff27fc2769a1b78a27578f13a17b -> 
  custom:container-demuxer-webm: 4f35f7cbe854078d1ac9338744f61a02 -> 
  custom:container-demuxer-ogg: 62fdf1f143b41e24485cea50d1cbac27 -> 
  custom:video-encoder-webm-vp8: eb34c28f22e8b96e1ab97ce403110664 -> 
  custom:video-decoder-webm-vp8: 9c59270c3fd7afecdb556c50c9e8de78 -> 
  custom:audio-decoder-ogg-vorbis: bf7c407c2cedff20999df2af8eb42d56 -> 
  custom:audio-encoder-webm-vorbis: bf7c407c2cedff20999df2af8eb42d56 -> 
========================================================================
Received Import Request.
  Time since last request: 48.175865 seconds.
  path: Assets/Bonecos/nerd esquisito/ty@Idle.fbx
  artifactKey: Guid(e0ba5cd9893b34a4b99e644a25bd06e6) Importer(815301076,1909f56bfc062723c751e8b465ee728b)
Start importing Assets/Bonecos/nerd esquisito/ty@Idle.fbx using Guid(e0ba5cd9893b34a4b99e644a25bd06e6) Importer(815301076,1909f56bfc062723c751e8b465ee728b)  -> (artifact id: '60da0902b87dee7a55346bc4b1a41335') in 0.345781 seconds 
  Import took 0.363971 seconds .

========================================================================
Received Prepare
Registering precompiled user dll's ...
Registered in 0.007869 seconds.
Begin MonoManager ReloadAssembly
Native extension for WindowsStandalone target not found
Refreshing native plugins compatible for Editor in 0.55 ms, found 2 plugins.
Preloading 0 native plugins for Editor in 0.00 ms.
Mono: successfully reloaded assembly
- Completed reload, in  1.429 seconds
Domain Reload Profiling:
	ReloadAssembly (1430ms)
		BeginReloadAssembly (221ms)
			ExecutionOrderSort (0ms)
			DisableScriptedObjects (10ms)
			BackupInstance (0ms)
			ReleaseScriptingObjects (0ms)
			CreateAndSetChildDomain (58ms)
		EndReloadAssembly (1116ms)
			LoadAssemblies (178ms)
			RebuildTransferFunctionScriptingTraits (0ms)
			SetupTypeCache (368ms)
			ReleaseScriptCaches (1ms)
			RebuildScriptCaches (48ms)
			SetupLoadedEditorAssemblies (443ms)
				LogAssemblyErrors (0ms)
				InitializePlatformSupportModulesInManaged (6ms)
				SetLoadedEditorAssemblies (1ms)
				RefreshPlugins (1ms)
				BeforeProcessingInitializeOnLoad (67ms)
				ProcessInitializeOnLoadAttributes (346ms)
				ProcessInitializeOnLoadMethodAttributes (11ms)
				AfterProcessingInitializeOnLoad (10ms)
				EditorAssembliesLoaded (0ms)
			ExecutionOrderSort2 (0ms)
			AwakeInstancesAfterBackupRestoration (10ms)
Platform modules already initialized, skipping
Refreshing native plugins compatible for Editor in 0.93 ms, found 2 plugins.
Preloading 0 native plugins for Editor in 0.00 ms.
Unloading 1501 Unused Serialized files (Serialized files now loaded: 0)
System memory in use before: 86.3 MB.
System memory in use after: 86.4 MB.

Unloading 14 unused Assets to reduce memory usage. Loaded Objects now: 2012.
Total: 5.591300 ms (FindLiveObjects: 0.165300 ms CreateObjectMapping: 0.081600 ms MarkObjects: 5.311500 ms  DeleteObjects: 0.029300 ms)

AssetImportParameters requested are different than current active one (requested -> active):
  custom:framework-win-MediaFoundation: 216162199b28c13a410421893ffa2e32 -> 
  custom:video-decoder-ogg-theora: a1e56fd34408186e4bbccfd4996cb3dc -> 
  custom:container-muxer-webm: aa71ff27fc2769a1b78a27578f13a17b -> 
  custom:container-demuxer-webm: 4f35f7cbe854078d1ac9338744f61a02 -> 
  custom:container-demuxer-ogg: 62fdf1f143b41e24485cea50d1cbac27 -> 
  custom:video-encoder-webm-vp8: eb34c28f22e8b96e1ab97ce403110664 -> 
  custom:video-decoder-webm-vp8: 9c59270c3fd7afecdb556c50c9e8de78 -> 
  custom:audio-decoder-ogg-vorbis: bf7c407c2cedff20999df2af8eb42d56 -> 
  custom:audio-encoder-webm-vorbis: bf7c407c2cedff20999df2af8eb42d56 -> 
========================================================================
Received Prepare
Registering precompiled user dll's ...
Registered in 0.009736 seconds.
Begin MonoManager ReloadAssembly
Native extension for WindowsStandalone target not found
Refreshing native plugins compatible for Editor in 0.65 ms, found 2 plugins.
Preloading 0 native plugins for Editor in 0.00 ms.
Mono: successfully reloaded assembly
- Completed reload, in  2.419 seconds
Domain Reload Profiling:
	ReloadAssembly (2428ms)
		BeginReloadAssembly (470ms)
			ExecutionOrderSort (0ms)
			DisableScriptedObjects (38ms)
			BackupInstance (0ms)
			ReleaseScriptingObjects (0ms)
			CreateAndSetChildDomain (208ms)
		EndReloadAssembly (1792ms)
			LoadAssemblies (248ms)
			RebuildTransferFunctionScriptingTraits (0ms)
			SetupTypeCache (668ms)
			ReleaseScriptCaches (1ms)
			RebuildScriptCaches (87ms)
			SetupLoadedEditorAssemblies (617ms)
				LogAssemblyErrors (0ms)
				InitializePlatformSupportModulesInManaged (12ms)
				SetLoadedEditorAssemblies (1ms)
				RefreshPlugins (1ms)
				BeforeProcessingInitializeOnLoad (132ms)
				ProcessInitializeOnLoadAttributes (435ms)
				ProcessInitializeOnLoadMethodAttributes (21ms)
				AfterProcessingInitializeOnLoad (15ms)
				EditorAssembliesLoaded (1ms)
			ExecutionOrderSort2 (0ms)
			AwakeInstancesAfterBackupRestoration (17ms)
Platform modules already initialized, skipping
Refreshing native plugins compatible for Editor in 0.44 ms, found 2 plugins.
Preloading 0 native plugins for Editor in 0.00 ms.
Unloading 1501 Unused Serialized files (Serialized files now loaded: 0)
System memory in use before: 86.3 MB.
System memory in use after: 86.4 MB.

Unloading 14 unused Assets to reduce memory usage. Loaded Objects now: 2014.
Total: 6.857300 ms (FindLiveObjects: 0.291900 ms CreateObjectMapping: 0.140300 ms MarkObjects: 6.378500 ms  DeleteObjects: 0.044800 ms)

AssetImportParameters requested are different than current active one (requested -> active):
  custom:framework-win-MediaFoundation: 216162199b28c13a410421893ffa2e32 -> 
  custom:video-decoder-ogg-theora: a1e56fd34408186e4bbccfd4996cb3dc -> 
  custom:container-muxer-webm: aa71ff27fc2769a1b78a27578f13a17b -> 
  custom:container-demuxer-webm: 4f35f7cbe854078d1ac9338744f61a02 -> 
  custom:container-demuxer-ogg: 62fdf1f143b41e24485cea50d1cbac27 -> 
  custom:video-encoder-webm-vp8: eb34c28f22e8b96e1ab97ce403110664 -> 
  custom:video-decoder-webm-vp8: 9c59270c3fd7afecdb556c50c9e8de78 -> 
  custom:audio-decoder-ogg-vorbis: bf7c407c2cedff20999df2af8eb42d56 -> 
  custom:audio-encoder-webm-vorbis: bf7c407c2cedff20999df2af8eb42d56 -> 
========================================================================
Received Prepare
Registering precompiled user dll's ...
Registered in 0.006386 seconds.
Begin MonoManager ReloadAssembly
Native extension for WindowsStandalone target not found
Refreshing native plugins compatible for Editor in 0.68 ms, found 2 plugins.
Preloading 0 native plugins for Editor in 0.00 ms.
Mono: successfully reloaded assembly
- Completed reload, in  3.272 seconds
Domain Reload Profiling:
	ReloadAssembly (3273ms)
		BeginReloadAssembly (195ms)
			ExecutionOrderSort (0ms)
			DisableScriptedObjects (10ms)
			BackupInstance (0ms)
			ReleaseScriptingObjects (0ms)
			CreateAndSetChildDomain (45ms)
		EndReloadAssembly (2964ms)
			LoadAssemblies (210ms)
			RebuildTransferFunctionScriptingTraits (0ms)
			SetupTypeCache (594ms)
			ReleaseScriptCaches (1ms)
			RebuildScriptCaches (49ms)
			SetupLoadedEditorAssemblies (1953ms)
				LogAssemblyErrors (0ms)
				InitializePlatformSupportModulesInManaged (6ms)
				SetLoadedEditorAssemblies (1ms)
				RefreshPlugins (1ms)
				BeforeProcessingInitializeOnLoad (75ms)
				ProcessInitializeOnLoadAttributes (1850ms)
				ProcessInitializeOnLoadMethodAttributes (13ms)
				AfterProcessingInitializeOnLoad (9ms)
				EditorAssembliesLoaded (0ms)
			ExecutionOrderSort2 (0ms)
			AwakeInstancesAfterBackupRestoration (7ms)
Platform modules already initialized, skipping
Refreshing native plugins compatible for Editor in 0.42 ms, found 2 plugins.
Preloading 0 native plugins for Editor in 0.00 ms.
Unloading 1501 Unused Serialized files (Serialized files now loaded: 0)
System memory in use before: 86.3 MB.
System memory in use after: 86.4 MB.

Unloading 14 unused Assets to reduce memory usage. Loaded Objects now: 2016.
Total: 3.045800 ms (FindLiveObjects: 0.160500 ms CreateObjectMapping: 0.066000 ms MarkObjects: 2.777600 ms  DeleteObjects: 0.039400 ms)

AssetImportParameters requested are different than current active one (requested -> active):
  custom:framework-win-MediaFoundation: 216162199b28c13a410421893ffa2e32 -> 
  custom:video-decoder-ogg-theora: a1e56fd34408186e4bbccfd4996cb3dc -> 
  custom:container-muxer-webm: aa71ff27fc2769a1b78a27578f13a17b -> 
  custom:container-demuxer-webm: 4f35f7cbe854078d1ac9338744f61a02 -> 
  custom:container-demuxer-ogg: 62fdf1f143b41e24485cea50d1cbac27 -> 
  custom:video-encoder-webm-vp8: eb34c28f22e8b96e1ab97ce403110664 -> 
  custom:video-decoder-webm-vp8: 9c59270c3fd7afecdb556c50c9e8de78 -> 
  custom:audio-decoder-ogg-vorbis: bf7c407c2cedff20999df2af8eb42d56 -> 
  custom:audio-encoder-webm-vorbis: bf7c407c2cedff20999df2af8eb42d56 -> 
========================================================================
Received Prepare
Registering precompiled user dll's ...
Registered in 0.007815 seconds.
Begin MonoManager ReloadAssembly
Native extension for WindowsStandalone target not found
Refreshing native plugins compatible for Editor in 1.04 ms, found 2 plugins.
Preloading 0 native plugins for Editor in 0.00 ms.
Mono: successfully reloaded assembly
- Completed reload, in  2.508 seconds
Domain Reload Profiling:
	ReloadAssembly (2510ms)
		BeginReloadAssembly (204ms)
			ExecutionOrderSort (0ms)
			DisableScriptedObjects (11ms)
			BackupInstance (0ms)
			ReleaseScriptingObjects (0ms)
			CreateAndSetChildDomain (44ms)
		EndReloadAssembly (2076ms)
			LoadAssemblies (191ms)
			RebuildTransferFunctionScriptingTraits (0ms)
			SetupTypeCache (787ms)
			ReleaseScriptCaches (1ms)
			RebuildScriptCaches (99ms)
			SetupLoadedEditorAssemblies (793ms)
				LogAssemblyErrors (0ms)
				InitializePlatformSupportModulesInManaged (13ms)
				SetLoadedEditorAssemblies (1ms)
				RefreshPlugins (1ms)
				BeforeProcessingInitializeOnLoad (159ms)
				ProcessInitializeOnLoadAttributes (571ms)
				ProcessInitializeOnLoadMethodAttributes (25ms)
				AfterProcessingInitializeOnLoad (22ms)
				EditorAssembliesLoaded (1ms)
			ExecutionOrderSort2 (0ms)
			AwakeInstancesAfterBackupRestoration (22ms)
Platform modules already initialized, skipping
Refreshing native plugins compatible for Editor in 1.31 ms, found 2 plugins.
Preloading 0 native plugins for Editor in 0.00 ms.
Unloading 1514 Unused Serialized files (Serialized files now loaded: 0)
System memory in use before: 88.4 MB.
System memory in use after: 87.9 MB.

Unloading 27 unused Assets to reduce memory usage. Loaded Objects now: 2018.
Total: 31.666100 ms (FindLiveObjects: 0.478100 ms CreateObjectMapping: 0.262900 ms MarkObjects: 30.346400 ms  DeleteObjects: 0.577200 ms)

AssetImportParameters requested are different than current active one (requested -> active):
  custom:framework-win-MediaFoundation: 216162199b28c13a410421893ffa2e32 -> 
  custom:video-decoder-ogg-theora: a1e56fd34408186e4bbccfd4996cb3dc -> 
  custom:container-muxer-webm: aa71ff27fc2769a1b78a27578f13a17b -> 
  custom:container-demuxer-webm: 4f35f7cbe854078d1ac9338744f61a02 -> 
  custom:container-demuxer-ogg: 62fdf1f143b41e24485cea50d1cbac27 -> 
  custom:video-encoder-webm-vp8: eb34c28f22e8b96e1ab97ce403110664 -> 
  custom:video-decoder-webm-vp8: 9c59270c3fd7afecdb556c50c9e8de78 -> 
  custom:audio-decoder-ogg-vorbis: bf7c407c2cedff20999df2af8eb42d56 -> 
  custom:audio-encoder-webm-vorbis: bf7c407c2cedff20999df2af8eb42d56 -> 
========================================================================
Received Prepare
Registering precompiled user dll's ...
Registered in 0.843540 seconds.
Begin MonoManager ReloadAssembly
Native extension for WindowsStandalone target not found
Refreshing native plugins compatible for Editor in 1.22 ms, found 2 plugins.
Preloading 0 native plugins for Editor in 0.00 ms.
Mono: successfully reloaded assembly
- Completed reload, in 10.668 seconds
Domain Reload Profiling:
	ReloadAssembly (10682ms)
		BeginReloadAssembly (1539ms)
			ExecutionOrderSort (0ms)
			DisableScriptedObjects (91ms)
			BackupInstance (0ms)
			ReleaseScriptingObjects (0ms)
			CreateAndSetChildDomain (522ms)
		EndReloadAssembly (8363ms)
			LoadAssemblies (986ms)
			RebuildTransferFunctionScriptingTraits (0ms)
			SetupTypeCache (2918ms)
			ReleaseScriptCaches (44ms)
			RebuildScriptCaches (640ms)
			SetupLoadedEditorAssemblies (1677ms)
				LogAssemblyErrors (0ms)
				InitializePlatformSupportModulesInManaged (29ms)
				SetLoadedEditorAssemblies (7ms)
				RefreshPlugins (1ms)
				BeforeProcessingInitializeOnLoad (283ms)
				ProcessInitializeOnLoadAttributes (1268ms)
				ProcessInitializeOnLoadMethodAttributes (54ms)
				AfterProcessingInitializeOnLoad (34ms)
				EditorAssembliesLoaded (0ms)
			ExecutionOrderSort2 (0ms)
			AwakeInstancesAfterBackupRestoration (43ms)
Platform modules already initialized, skipping
Refreshing native plugins compatible for Editor in 1.81 ms, found 2 plugins.
Preloading 0 native plugins for Editor in 0.00 ms.
Unloading 1514 Unused Serialized files (Serialized files now loaded: 0)
System memory in use before: 88.4 MB.
System memory in use after: 87.9 MB.

Unloading 27 unused Assets to reduce memory usage. Loaded Objects now: 2020.
Total: 34.697000 ms (FindLiveObjects: 0.341200 ms CreateObjectMapping: 0.464600 ms MarkObjects: 32.230100 ms  DeleteObjects: 1.655100 ms)

AssetImportParameters requested are different than current active one (requested -> active):
  custom:framework-win-MediaFoundation: 216162199b28c13a410421893ffa2e32 -> 
  custom:video-decoder-ogg-theora: a1e56fd34408186e4bbccfd4996cb3dc -> 
  custom:container-muxer-webm: aa71ff27fc2769a1b78a27578f13a17b -> 
  custom:container-demuxer-webm: 4f35f7cbe854078d1ac9338744f61a02 -> 
  custom:container-demuxer-ogg: 62fdf1f143b41e24485cea50d1cbac27 -> 
  custom:video-encoder-webm-vp8: eb34c28f22e8b96e1ab97ce403110664 -> 
  custom:video-decoder-webm-vp8: 9c59270c3fd7afecdb556c50c9e8de78 -> 
  custom:audio-decoder-ogg-vorbis: bf7c407c2cedff20999df2af8eb42d56 -> 
  custom:audio-encoder-webm-vorbis: bf7c407c2cedff20999df2af8eb42d56 -> 
========================================================================
Received Prepare
Registering precompiled user dll's ...
Registered in 0.011322 seconds.
Begin MonoManager ReloadAssembly
Native extension for WindowsStandalone target not found
Refreshing native plugins compatible for Editor in 9.17 ms, found 2 plugins.
Preloading 0 native plugins for Editor in 0.00 ms.
Mono: successfully reloaded assembly
- Completed reload, in  2.948 seconds
Domain Reload Profiling:
	ReloadAssembly (2950ms)
		BeginReloadAssembly (395ms)
			ExecutionOrderSort (0ms)
			DisableScriptedObjects (17ms)
			BackupInstance (0ms)
			ReleaseScriptingObjects (0ms)
			CreateAndSetChildDomain (95ms)
		EndReloadAssembly (2446ms)
			LoadAssemblies (1009ms)
			RebuildTransferFunctionScriptingTraits (0ms)
			SetupTypeCache (765ms)
			ReleaseScriptCaches (1ms)
			RebuildScriptCaches (56ms)
			SetupLoadedEditorAssemblies (549ms)
				LogAssemblyErrors (0ms)
				InitializePlatformSupportModulesInManaged (9ms)
				SetLoadedEditorAssemblies (1ms)
				RefreshPlugins (9ms)
				BeforeProcessingInitializeOnLoad (130ms)
				ProcessInitializeOnLoadAttributes (373ms)
				ProcessInitializeOnLoadMethodAttributes (14ms)
				AfterProcessingInitializeOnLoad (13ms)
				EditorAssembliesLoaded (0ms)
			ExecutionOrderSort2 (0ms)
			AwakeInstancesAfterBackupRestoration (8ms)
Platform modules already initialized, skipping
Refreshing native plugins compatible for Editor in 1.13 ms, found 2 plugins.
Preloading 0 native plugins for Editor in 0.00 ms.
Unloading 1514 Unused Serialized files (Serialized files now loaded: 0)
System memory in use before: 88.4 MB.
System memory in use after: 87.9 MB.

Unloading 27 unused Assets to reduce memory usage. Loaded Objects now: 2022.
Total: 5.166500 ms (FindLiveObjects: 0.167200 ms CreateObjectMapping: 0.059400 ms MarkObjects: 3.026800 ms  DeleteObjects: 1.911400 ms)

AssetImportParameters requested are different than current active one (requested -> active):
  custom:framework-win-MediaFoundation: 216162199b28c13a410421893ffa2e32 -> 
  custom:video-decoder-ogg-theora: a1e56fd34408186e4bbccfd4996cb3dc -> 
  custom:container-muxer-webm: aa71ff27fc2769a1b78a27578f13a17b -> 
  custom:container-demuxer-webm: 4f35f7cbe854078d1ac9338744f61a02 -> 
  custom:container-demuxer-ogg: 62fdf1f143b41e24485cea50d1cbac27 -> 
  custom:video-encoder-webm-vp8: eb34c28f22e8b96e1ab97ce403110664 -> 
  custom:video-decoder-webm-vp8: 9c59270c3fd7afecdb556c50c9e8de78 -> 
  custom:audio-decoder-ogg-vorbis: bf7c407c2cedff20999df2af8eb42d56 -> 
  custom:audio-encoder-webm-vorbis: bf7c407c2cedff20999df2af8eb42d56 -> 
